<?xml version="1.0" encoding="UTF-8"?>
<testsuites name="DCM" time="63" tests="3" failures="1" errors="0">
   <testsuite name="DCM" tests="3" failures="1" errors="0" time="63" timestamp="2018-11-13 14:16:04" hostname="longnguyen - LONGNGUYEN.vodc.lan" id="Test Suites/DCM">
      <properties>
         <property name="deviceName" value=""/>
         <property name="devicePlatform" value=""/>
         <property name="logFolder" value="E:\\WORK\\Katalon_CURA Testproject\\Reports\\DCM\\20181113_141600"/>
         <property name="logFiles" value="E:\\WORK\\Katalon_CURA Testproject\\Reports\\DCM\\20181113_141600\\execution0.log"/>
         <property name="attachments" value="E:\\WORK\\Katalon_CURA Testproject\\Reports\\DCM\\20181113_141600\\1542093394679.png"/>
         <property name="hostName" value="longnguyen - LONGNGUYEN.vodc.lan"/>
         <property name="os" value="Windows 10 64bit"/>
         <property name="katalonVersion" value="5.8.6.1"/>
         <property name="browser" value="Chrome 70.0.3538.77"/>
         <property name="hostAddress" value="10.10.10.62"/>
         <property name="sessionId" value="a3c68c4a9949d5ca95eac1f0cf30b785"/>
         <property name="seleniumVersion" value="3.7.1"/>
         <property name="proxyInformation" value="ProxyInformation{proxyOption=NO_PROXY, proxyServerType=HTTP, password=, proxyServerAddress=, proxyServerPort=0}"/>
         <property name="platform" value="Windows 10"/>
      </properties>
      <testcase name="Test Cases/DCM/Testcase01_VerifyLoginSuccessfully" classname="Test Cases/DCM/Testcase01_VerifyLoginSuccessfully" status="PASSED">
         <system-out><![CDATA[2018-11-13 14:16:05 - [TEST_CASE][PASSED] - Test Cases/DCM/Testcase01_VerifyLoginSuccessfully: Test Cases/DCM/Testcase01_VerifyLoginSuccessfully

2018-11-13 14:16:05 - [TEST_STEP][PASSED] - Start listener action : sampleBeforeTestCase: Invoke 'com.kms.katalon.core.annotation.BeforeTestCase' method: 'NewTestListener.sampleBeforeTestCase(...)' completed.

2018-11-13 14:16:05 - [TEST_STEP][PASSED] - Statement - println(testCaseContext.getTestCaseId()): null

2018-11-13 14:16:05 - [TEST_STEP][PASSED] - Statement - println(testCaseContext.getTestCaseVariables()): Invoke 'com.kms.katalon.core.annotation.BeforeTestCase' method: 'NewTestListener.sampleBeforeTestCase(...)' completed.

2018-11-13 14:16:06 - [TEST_STEP][PASSED] - openBrowser: Browser is opened with url: 'https://w2capl0051510.heb.com:20143/DCM_UI/'

2018-11-13 14:16:16 - [MESSAGE][PASSED] - Browser is opened with url: 'https://w2capl0051510.heb.com:20143/DCM_UI/'

2018-11-13 14:16:16 - [TEST_STEP][PASSED] - setText: Text 'url' is set on object 'Object Repository/DCM/Login_Obj/input_Cost and Deals_j_usernam'

2018-11-13 14:16:17 - [MESSAGE][PASSED] - Text 'url' is set on object 'Object Repository/DCM/Login_Obj/input_Cost and Deals_j_usernam'

2018-11-13 14:16:17 - [TEST_STEP][PASSED] - delay: Delayed 1 second(s)

2018-11-13 14:16:18 - [MESSAGE][PASSED] - Delayed 1 second(s)

2018-11-13 14:16:18 - [TEST_STEP][PASSED] - setEncryptedText: Text ****** has been set on object 'Object Repository/DCM/Login_Obj/input_Cost and Deals_j_passwor'

2018-11-13 14:16:19 - [MESSAGE][PASSED] - Text ****** has been set on object 'Object Repository/DCM/Login_Obj/input_Cost and Deals_j_passwor'

2018-11-13 14:16:19 - [TEST_STEP][PASSED] - delay: Delayed 1 second(s)

2018-11-13 14:16:20 - [MESSAGE][PASSED] - Delayed 1 second(s)

2018-11-13 14:16:20 - [TEST_STEP][PASSED] - click: Object: 'Object Repository/DCM/Login_Obj/button_Login' is clicked on

2018-11-13 14:16:21 - [MESSAGE][PASSED] - Object: 'Object Repository/DCM/Login_Obj/button_Login' is clicked on

2018-11-13 14:16:21 - [TEST_STEP][PASSED] - delay: Delayed 3 second(s)

2018-11-13 14:16:24 - [MESSAGE][PASSED] - Delayed 3 second(s)

2018-11-13 14:16:24 - [TEST_STEP][PASSED] - getWindowTitle: Current window's title is: 'Login - Cost and Deals'

2018-11-13 14:16:24 - [MESSAGE][PASSED] - Current window's title is: 'Login - Cost and Deals']]></system-out>
         <system-err><![CDATA[]]></system-err>
      </testcase>
      <testcase name="Test Cases/DCM/Testcase01_VerifyLoginSuccessfully" classname="Test Cases/DCM/Testcase01_VerifyLoginSuccessfully" status="FAILED">
         <failure type="FAILED" message="(Stack trace: com.kms.katalon.core.exception.StepFailedException: Unable to set encrypted text for object 'Object Repository/DCM/Login_Obj/input_Cost and Deals_j_passwor' (Root cause: javax.crypto.IllegalBlockSizeException: Input length must be multiple of 8 when decrypting with padded cipher)
	at com.kms.katalon.core.keyword.internal.KeywordMain.stepFailed(KeywordMain.groovy:36)
	at com.kms.katalon.core.webui.keyword.internal.WebUIKeywordMain.stepFailed(WebUIKeywordMain.groovy:65)
	at com.kms.katalon.core.webui.keyword.internal.WebUIKeywordMain.runKeyword(WebUIKeywordMain.groovy:27)
	at com.kms.katalon.core.webui.keyword.builtin.SetEncryptedTextKeyword.setEncryptedText(SetEncryptedTextKeyword.groovy:65)
	at com.kms.katalon.core.webui.keyword.builtin.SetEncryptedTextKeyword.execute(SetEncryptedTextKeyword.groovy:34)
	at com.kms.katalon.core.keyword.internal.KeywordExecutor.executeKeywordForPlatform(KeywordExecutor.groovy:53)
	at com.kms.katalon.core.webui.keyword.WebUiBuiltInKeywords.setEncryptedText(WebUiBuiltInKeywords.groovy:981)
	at com.kms.katalon.core.webui.keyword.WebUiBuiltInKeywords$setEncryptedText$1.call(Unknown Source)
	at Script1542077255759.run(Script1542077255759.groovy:23)
	at com.kms.katalon.core.main.ScriptEngine.run(ScriptEngine.java:183)
	at com.kms.katalon.core.main.ScriptEngine.runScriptAsRawText(ScriptEngine.java:108)
	at com.kms.katalon.core.main.TestCaseExecutor.runScript(TestCaseExecutor.java:294)
	at com.kms.katalon.core.main.TestCaseExecutor.doExecute(TestCaseExecutor.java:285)
	at com.kms.katalon.core.main.TestCaseExecutor.processExecutionPhase(TestCaseExecutor.java:264)
	at com.kms.katalon.core.main.TestCaseExecutor.accessMainPhase(TestCaseExecutor.java:256)
	at com.kms.katalon.core.main.TestCaseExecutor.execute(TestCaseExecutor.java:200)
	at com.kms.katalon.core.main.TestSuiteExecutor.accessTestCaseMainPhase(TestSuiteExecutor.java:129)
	at com.kms.katalon.core.main.TestSuiteExecutor.accessTestSuiteMainPhase(TestSuiteExecutor.java:112)
	at com.kms.katalon.core.main.TestSuiteExecutor.execute(TestSuiteExecutor.java:81)
	at com.kms.katalon.core.main.TestCaseMain.startTestSuite(TestCaseMain.java:142)
	at com.kms.katalon.core.main.TestCaseMain$startTestSuite$0.call(Unknown Source)
	at org.codehaus.groovy.runtime.callsite.CallSiteArray.defaultCall(CallSiteArray.java:48)
	at org.codehaus.groovy.runtime.callsite.AbstractCallSite.call(AbstractCallSite.java:113)
	at org.codehaus.groovy.runtime.callsite.AbstractCallSite.call(AbstractCallSite.java:141)
	at TempTestSuite1542093360135.run(TempTestSuite1542093360135.groovy:36)
	at groovy.lang.GroovyShell.runScriptOrMainOrTestOrRunnable(GroovyShell.java:263)
	at groovy.lang.GroovyShell.run(GroovyShell.java:518)
	at groovy.lang.GroovyShell.run(GroovyShell.java:507)
	at groovy.ui.GroovyMain.processOnce(GroovyMain.java:653)
	at groovy.ui.GroovyMain.run(GroovyMain.java:384)
	at groovy.ui.GroovyMain.process(GroovyMain.java:370)
	at groovy.ui.GroovyMain.processArgs(GroovyMain.java:129)
	at groovy.ui.GroovyMain.main(GroovyMain.java:109)
	at sun.reflect.NativeMethodAccessorImpl.invoke0(Native Method)
	at sun.reflect.NativeMethodAccessorImpl.invoke(NativeMethodAccessorImpl.java:62)
	at sun.reflect.DelegatingMethodAccessorImpl.invoke(DelegatingMethodAccessorImpl.java:43)
	at java.lang.reflect.Method.invoke(Method.java:498)
	at org.codehaus.groovy.tools.GroovyStarter.rootLoader(GroovyStarter.java:109)
	at org.codehaus.groovy.tools.GroovyStarter.main(GroovyStarter.java:131)
)"/>
         <system-out><![CDATA[2018-11-13 14:16:24 - [TEST_CASE][FAILED] - Test Cases/DCM/Testcase01_VerifyLoginSuccessfully: Test Cases/DCM/Testcase01_VerifyLoginSuccessfully FAILED because (of) (Stack trace: com.kms.katalon.core.exception.StepFailedException: Unable to set encrypted text for object 'Object Repository/DCM/Login_Obj/input_Cost and Deals_j_passwor' (Root cause: javax.crypto.IllegalBlockSizeException: Input length must be multiple of 8 when decrypting with padded cipher)
	at com.kms.katalon.core.keyword.internal.KeywordMain.stepFailed(KeywordMain.groovy:36)
	at com.kms.katalon.core.webui.keyword.internal.WebUIKeywordMain.stepFailed(WebUIKeywordMain.groovy:65)
	at com.kms.katalon.core.webui.keyword.internal.WebUIKeywordMain.runKeyword(WebUIKeywordMain.groovy:27)
	at com.kms.katalon.core.webui.keyword.builtin.SetEncryptedTextKeyword.setEncryptedText(SetEncryptedTextKeyword.groovy:65)
	at com.kms.katalon.core.webui.keyword.builtin.SetEncryptedTextKeyword.execute(SetEncryptedTextKeyword.groovy:34)
	at com.kms.katalon.core.keyword.internal.KeywordExecutor.executeKeywordForPlatform(KeywordExecutor.groovy:53)
	at com.kms.katalon.core.webui.keyword.WebUiBuiltInKeywords.setEncryptedText(WebUiBuiltInKeywords.groovy:981)
	at com.kms.katalon.core.webui.keyword.WebUiBuiltInKeywords$setEncryptedText$1.call(Unknown Source)
	at Script1542077255759.run(Script1542077255759.groovy:23)
	at com.kms.katalon.core.main.ScriptEngine.run(ScriptEngine.java:183)
	at com.kms.katalon.core.main.ScriptEngine.runScriptAsRawText(ScriptEngine.java:108)
	at com.kms.katalon.core.main.TestCaseExecutor.runScript(TestCaseExecutor.java:294)
	at com.kms.katalon.core.main.TestCaseExecutor.doExecute(TestCaseExecutor.java:285)
	at com.kms.katalon.core.main.TestCaseExecutor.processExecutionPhase(TestCaseExecutor.java:264)
	at com.kms.katalon.core.main.TestCaseExecutor.accessMainPhase(TestCaseExecutor.java:256)
	at com.kms.katalon.core.main.TestCaseExecutor.execute(TestCaseExecutor.java:200)
	at com.kms.katalon.core.main.TestSuiteExecutor.accessTestCaseMainPhase(TestSuiteExecutor.java:129)
	at com.kms.katalon.core.main.TestSuiteExecutor.accessTestSuiteMainPhase(TestSuiteExecutor.java:112)
	at com.kms.katalon.core.main.TestSuiteExecutor.execute(TestSuiteExecutor.java:81)
	at com.kms.katalon.core.main.TestCaseMain.startTestSuite(TestCaseMain.java:142)
	at com.kms.katalon.core.main.TestCaseMain$startTestSuite$0.call(Unknown Source)
	at org.codehaus.groovy.runtime.callsite.CallSiteArray.defaultCall(CallSiteArray.java:48)
	at org.codehaus.groovy.runtime.callsite.AbstractCallSite.call(AbstractCallSite.java:113)
	at org.codehaus.groovy.runtime.callsite.AbstractCallSite.call(AbstractCallSite.java:141)
	at TempTestSuite1542093360135.run(TempTestSuite1542093360135.groovy:36)
	at groovy.lang.GroovyShell.runScriptOrMainOrTestOrRunnable(GroovyShell.java:263)
	at groovy.lang.GroovyShell.run(GroovyShell.java:518)
	at groovy.lang.GroovyShell.run(GroovyShell.java:507)
	at groovy.ui.GroovyMain.processOnce(GroovyMain.java:653)
	at groovy.ui.GroovyMain.run(GroovyMain.java:384)
	at groovy.ui.GroovyMain.process(GroovyMain.java:370)
	at groovy.ui.GroovyMain.processArgs(GroovyMain.java:129)
	at groovy.ui.GroovyMain.main(GroovyMain.java:109)
	at sun.reflect.NativeMethodAccessorImpl.invoke0(Native Method)
	at sun.reflect.NativeMethodAccessorImpl.invoke(NativeMethodAccessorImpl.java:62)
	at sun.reflect.DelegatingMethodAccessorImpl.invoke(DelegatingMethodAccessorImpl.java:43)
	at java.lang.reflect.Method.invoke(Method.java:498)
	at org.codehaus.groovy.tools.GroovyStarter.rootLoader(GroovyStarter.java:109)
	at org.codehaus.groovy.tools.GroovyStarter.main(GroovyStarter.java:131)
)

2018-11-13 14:16:24 - [TEST_STEP][PASSED] - Start listener action : sampleBeforeTestCase: Invoke 'com.kms.katalon.core.annotation.BeforeTestCase' method: 'NewTestListener.sampleBeforeTestCase(...)' completed.

2018-11-13 14:16:24 - [TEST_STEP][PASSED] - Statement - println(testCaseContext.getTestCaseId()): null

2018-11-13 14:16:24 - [TEST_STEP][PASSED] - Statement - println(testCaseContext.getTestCaseVariables()): Invoke 'com.kms.katalon.core.annotation.BeforeTestCase' method: 'NewTestListener.sampleBeforeTestCase(...)' completed.

2018-11-13 14:16:24 - [TEST_STEP][PASSED] - openBrowser: Browser is opened with url: 'https://w2capl0051510.heb.com:20143/DCM_UI/'

2018-11-13 14:16:24 - [MESSAGE][WARNING] - A browser is already opened. Closing browser and opening a new one

2018-11-13 14:16:33 - [MESSAGE][PASSED] - Browser is opened with url: 'https://w2capl0051510.heb.com:20143/DCM_UI/'

2018-11-13 14:16:33 - [TEST_STEP][PASSED] - setText: Text 'p165114' is set on object 'Object Repository/DCM/Login_Obj/input_Cost and Deals_j_usernam'

2018-11-13 14:16:33 - [MESSAGE][PASSED] - Text 'p165114' is set on object 'Object Repository/DCM/Login_Obj/input_Cost and Deals_j_usernam'

2018-11-13 14:16:33 - [TEST_STEP][PASSED] - delay: Delayed 1 second(s)

2018-11-13 14:16:34 - [MESSAGE][PASSED] - Delayed 1 second(s)

2018-11-13 14:16:34 - [TEST_STEP][FAILED] - setEncryptedText: Unable to set encrypted text for object 'Object Repository/DCM/Login_Obj/input_Cost and Deals_j_passwor' (Root cause: javax.crypto.IllegalBlockSizeException: Input length must be multiple of 8 when decrypting with padded cipher)

2018-11-13 14:16:35 - [MESSAGE][FAILED] - Unable to set encrypted text for object 'Object Repository/DCM/Login_Obj/input_Cost and Deals_j_passwor' (Root cause: javax.crypto.IllegalBlockSizeException: Input length must be multiple of 8 when decrypting with padded cipher)
[[ATTACHMENT|E:\\WORK\\Katalon_CURA Testproject\\Reports\\DCM\\20181113_141600\\1542093394679.png]]]]></system-out>
         <system-err><![CDATA[2018-11-13 14:16:24 - [TEST_CASE][FAILED] - Test Cases/DCM/Testcase01_VerifyLoginSuccessfully: Test Cases/DCM/Testcase01_VerifyLoginSuccessfully FAILED because (of) (Stack trace: com.kms.katalon.core.exception.StepFailedException: Unable to set encrypted text for object 'Object Repository/DCM/Login_Obj/input_Cost and Deals_j_passwor' (Root cause: javax.crypto.IllegalBlockSizeException: Input length must be multiple of 8 when decrypting with padded cipher)
	at com.kms.katalon.core.keyword.internal.KeywordMain.stepFailed(KeywordMain.groovy:36)
	at com.kms.katalon.core.webui.keyword.internal.WebUIKeywordMain.stepFailed(WebUIKeywordMain.groovy:65)
	at com.kms.katalon.core.webui.keyword.internal.WebUIKeywordMain.runKeyword(WebUIKeywordMain.groovy:27)
	at com.kms.katalon.core.webui.keyword.builtin.SetEncryptedTextKeyword.setEncryptedText(SetEncryptedTextKeyword.groovy:65)
	at com.kms.katalon.core.webui.keyword.builtin.SetEncryptedTextKeyword.execute(SetEncryptedTextKeyword.groovy:34)
	at com.kms.katalon.core.keyword.internal.KeywordExecutor.executeKeywordForPlatform(KeywordExecutor.groovy:53)
	at com.kms.katalon.core.webui.keyword.WebUiBuiltInKeywords.setEncryptedText(WebUiBuiltInKeywords.groovy:981)
	at com.kms.katalon.core.webui.keyword.WebUiBuiltInKeywords$setEncryptedText$1.call(Unknown Source)
	at Script1542077255759.run(Script1542077255759.groovy:23)
	at com.kms.katalon.core.main.ScriptEngine.run(ScriptEngine.java:183)
	at com.kms.katalon.core.main.ScriptEngine.runScriptAsRawText(ScriptEngine.java:108)
	at com.kms.katalon.core.main.TestCaseExecutor.runScript(TestCaseExecutor.java:294)
	at com.kms.katalon.core.main.TestCaseExecutor.doExecute(TestCaseExecutor.java:285)
	at com.kms.katalon.core.main.TestCaseExecutor.processExecutionPhase(TestCaseExecutor.java:264)
	at com.kms.katalon.core.main.TestCaseExecutor.accessMainPhase(TestCaseExecutor.java:256)
	at com.kms.katalon.core.main.TestCaseExecutor.execute(TestCaseExecutor.java:200)
	at com.kms.katalon.core.main.TestSuiteExecutor.accessTestCaseMainPhase(TestSuiteExecutor.java:129)
	at com.kms.katalon.core.main.TestSuiteExecutor.accessTestSuiteMainPhase(TestSuiteExecutor.java:112)
	at com.kms.katalon.core.main.TestSuiteExecutor.execute(TestSuiteExecutor.java:81)
	at com.kms.katalon.core.main.TestCaseMain.startTestSuite(TestCaseMain.java:142)
	at com.kms.katalon.core.main.TestCaseMain$startTestSuite$0.call(Unknown Source)
	at org.codehaus.groovy.runtime.callsite.CallSiteArray.defaultCall(CallSiteArray.java:48)
	at org.codehaus.groovy.runtime.callsite.AbstractCallSite.call(AbstractCallSite.java:113)
	at org.codehaus.groovy.runtime.callsite.AbstractCallSite.call(AbstractCallSite.java:141)
	at TempTestSuite1542093360135.run(TempTestSuite1542093360135.groovy:36)
	at groovy.lang.GroovyShell.runScriptOrMainOrTestOrRunnable(GroovyShell.java:263)
	at groovy.lang.GroovyShell.run(GroovyShell.java:518)
	at groovy.lang.GroovyShell.run(GroovyShell.java:507)
	at groovy.ui.GroovyMain.processOnce(GroovyMain.java:653)
	at groovy.ui.GroovyMain.run(GroovyMain.java:384)
	at groovy.ui.GroovyMain.process(GroovyMain.java:370)
	at groovy.ui.GroovyMain.processArgs(GroovyMain.java:129)
	at groovy.ui.GroovyMain.main(GroovyMain.java:109)
	at sun.reflect.NativeMethodAccessorImpl.invoke0(Native Method)
	at sun.reflect.NativeMethodAccessorImpl.invoke(NativeMethodAccessorImpl.java:62)
	at sun.reflect.DelegatingMethodAccessorImpl.invoke(DelegatingMethodAccessorImpl.java:43)
	at java.lang.reflect.Method.invoke(Method.java:498)
	at org.codehaus.groovy.tools.GroovyStarter.rootLoader(GroovyStarter.java:109)
	at org.codehaus.groovy.tools.GroovyStarter.main(GroovyStarter.java:131)
)]]></system-err>
      </testcase>
      <testcase name="Test Cases/DCM/Testcase01_VerifyLoginSuccessfully" classname="Test Cases/DCM/Testcase01_VerifyLoginSuccessfully" status="PASSED">
         <system-out><![CDATA[2018-11-13 14:16:35 - [TEST_CASE][PASSED] - Test Cases/DCM/Testcase01_VerifyLoginSuccessfully: Test Cases/DCM/Testcase01_VerifyLoginSuccessfully

2018-11-13 14:16:35 - [TEST_STEP][PASSED] - Start listener action : sampleBeforeTestCase: Invoke 'com.kms.katalon.core.annotation.BeforeTestCase' method: 'NewTestListener.sampleBeforeTestCase(...)' completed.

2018-11-13 14:16:35 - [TEST_STEP][PASSED] - Statement - println(testCaseContext.getTestCaseId()): null

2018-11-13 14:16:35 - [TEST_STEP][PASSED] - Statement - println(testCaseContext.getTestCaseVariables()): Invoke 'com.kms.katalon.core.annotation.BeforeTestCase' method: 'NewTestListener.sampleBeforeTestCase(...)' completed.

2018-11-13 14:16:35 - [TEST_STEP][PASSED] - openBrowser: Browser is opened with url: 'https://w2capl0051510.heb.com:20143/DCM_UI/'

2018-11-13 14:16:35 - [MESSAGE][WARNING] - A browser is already opened. Closing browser and opening a new one

2018-11-13 14:16:44 - [MESSAGE][PASSED] - Browser is opened with url: 'https://w2capl0051510.heb.com:20143/DCM_UI/'

2018-11-13 14:16:44 - [TEST_STEP][PASSED] - setText: Text '9KzOjDimb7zsqjjOXXaQnQ==' is set on object 'Object Repository/DCM/Login_Obj/input_Cost and Deals_j_usernam'

2018-11-13 14:16:45 - [MESSAGE][PASSED] - Text '9KzOjDimb7zsqjjOXXaQnQ==' is set on object 'Object Repository/DCM/Login_Obj/input_Cost and Deals_j_usernam'

2018-11-13 14:16:45 - [TEST_STEP][PASSED] - delay: Delayed 1 second(s)

2018-11-13 14:16:46 - [MESSAGE][PASSED] - Delayed 1 second(s)

2018-11-13 14:16:46 - [TEST_STEP][PASSED] - setEncryptedText: Text ****** has been set on object 'Object Repository/DCM/Login_Obj/input_Cost and Deals_j_passwor'

2018-11-13 14:16:46 - [MESSAGE][PASSED] - Text ****** has been set on object 'Object Repository/DCM/Login_Obj/input_Cost and Deals_j_passwor'

2018-11-13 14:16:46 - [TEST_STEP][PASSED] - delay: Delayed 1 second(s)

2018-11-13 14:16:47 - [MESSAGE][PASSED] - Delayed 1 second(s)

2018-11-13 14:16:47 - [TEST_STEP][PASSED] - click: Object: 'Object Repository/DCM/Login_Obj/button_Login' is clicked on

2018-11-13 14:16:49 - [MESSAGE][PASSED] - Object: 'Object Repository/DCM/Login_Obj/button_Login' is clicked on

2018-11-13 14:16:49 - [TEST_STEP][PASSED] - delay: Delayed 3 second(s)

2018-11-13 14:16:52 - [MESSAGE][PASSED] - Delayed 3 second(s)

2018-11-13 14:16:52 - [TEST_STEP][PASSED] - getWindowTitle: Current window's title is: 'Login - Cost and Deals'

2018-11-13 14:16:53 - [MESSAGE][PASSED] - Current window's title is: 'Login - Cost and Deals']]></system-out>
         <system-err><![CDATA[]]></system-err>
      </testcase>
      <testcase name="Test Cases/DCM/Testcase01_VerifyLoginSuccessfully" classname="Test Cases/DCM/Testcase01_VerifyLoginSuccessfully" status="PASSED">
         <system-out><![CDATA[2018-11-13 14:16:53 - [TEST_CASE][PASSED] - Test Cases/DCM/Testcase01_VerifyLoginSuccessfully: Test Cases/DCM/Testcase01_VerifyLoginSuccessfully

2018-11-13 14:16:53 - [TEST_STEP][PASSED] - Start listener action : sampleBeforeTestCase: Invoke 'com.kms.katalon.core.annotation.BeforeTestCase' method: 'NewTestListener.sampleBeforeTestCase(...)' completed.

2018-11-13 14:16:53 - [TEST_STEP][PASSED] - Statement - println(testCaseContext.getTestCaseId()): null

2018-11-13 14:16:53 - [TEST_STEP][PASSED] - Statement - println(testCaseContext.getTestCaseVariables()): Invoke 'com.kms.katalon.core.annotation.BeforeTestCase' method: 'NewTestListener.sampleBeforeTestCase(...)' completed.

2018-11-13 14:16:53 - [TEST_STEP][PASSED] - openBrowser: Browser is opened with url: 'https://w2capl0051510.heb.com:20143/DCM_UI/'

2018-11-13 14:16:53 - [MESSAGE][WARNING] - A browser is already opened. Closing browser and opening a new one

2018-11-13 14:17:01 - [MESSAGE][PASSED] - Browser is opened with url: 'https://w2capl0051510.heb.com:20143/DCM_UI/'

2018-11-13 14:17:01 - [TEST_STEP][PASSED] - setText: Text '' is set on object 'Object Repository/DCM/Login_Obj/input_Cost and Deals_j_usernam'

2018-11-13 14:17:02 - [MESSAGE][PASSED] - Text '' is set on object 'Object Repository/DCM/Login_Obj/input_Cost and Deals_j_usernam'

2018-11-13 14:17:02 - [TEST_STEP][PASSED] - delay: Delayed 1 second(s)

2018-11-13 14:17:03 - [MESSAGE][PASSED] - Delayed 1 second(s)

2018-11-13 14:17:03 - [TEST_STEP][PASSED] - setEncryptedText: Text ****** has been set on object 'Object Repository/DCM/Login_Obj/input_Cost and Deals_j_passwor'

2018-11-13 14:17:03 - [MESSAGE][PASSED] - Text ****** has been set on object 'Object Repository/DCM/Login_Obj/input_Cost and Deals_j_passwor'

2018-11-13 14:17:03 - [TEST_STEP][PASSED] - delay: Delayed 1 second(s)

2018-11-13 14:17:04 - [MESSAGE][PASSED] - Delayed 1 second(s)

2018-11-13 14:17:04 - [TEST_STEP][PASSED] - click: Object: 'Object Repository/DCM/Login_Obj/button_Login' is clicked on

2018-11-13 14:17:05 - [MESSAGE][PASSED] - Object: 'Object Repository/DCM/Login_Obj/button_Login' is clicked on

2018-11-13 14:17:05 - [TEST_STEP][PASSED] - delay: Delayed 3 second(s)

2018-11-13 14:17:08 - [MESSAGE][PASSED] - Delayed 3 second(s)

2018-11-13 14:17:08 - [TEST_STEP][PASSED] - getWindowTitle: Current window's title is: 'Login - Cost and Deals'

2018-11-13 14:17:08 - [MESSAGE][PASSED] - Current window's title is: 'Login - Cost and Deals']]></system-out>
         <system-err><![CDATA[]]></system-err>
      </testcase>
      <system-out><![CDATA[2018-11-13 14:16:04 - [TEST_SUITE][FAILED] - DCM: Test Cases/DCM/Testcase01_VerifyLoginSuccessfully FAILED because (of) (Stack trace: com.kms.katalon.core.exception.StepFailedException: Unable to set encrypted text for object 'Object Repository/DCM/Login_Obj/input_Cost and Deals_j_passwor' (Root cause: javax.crypto.IllegalBlockSizeException: Input length must be multiple of 8 when decrypting with padded cipher)
	at com.kms.katalon.core.keyword.internal.KeywordMain.stepFailed(KeywordMain.groovy:36)
	at com.kms.katalon.core.webui.keyword.internal.WebUIKeywordMain.stepFailed(WebUIKeywordMain.groovy:65)
	at com.kms.katalon.core.webui.keyword.internal.WebUIKeywordMain.runKeyword(WebUIKeywordMain.groovy:27)
	at com.kms.katalon.core.webui.keyword.builtin.SetEncryptedTextKeyword.setEncryptedText(SetEncryptedTextKeyword.groovy:65)
	at com.kms.katalon.core.webui.keyword.builtin.SetEncryptedTextKeyword.execute(SetEncryptedTextKeyword.groovy:34)
	at com.kms.katalon.core.keyword.internal.KeywordExecutor.executeKeywordForPlatform(KeywordExecutor.groovy:53)
	at com.kms.katalon.core.webui.keyword.WebUiBuiltInKeywords.setEncryptedText(WebUiBuiltInKeywords.groovy:981)
	at com.kms.katalon.core.webui.keyword.WebUiBuiltInKeywords$setEncryptedText$1.call(Unknown Source)
	at Script1542077255759.run(Script1542077255759.groovy:23)
	at com.kms.katalon.core.main.ScriptEngine.run(ScriptEngine.java:183)
	at com.kms.katalon.core.main.ScriptEngine.runScriptAsRawText(ScriptEngine.java:108)
	at com.kms.katalon.core.main.TestCaseExecutor.runScript(TestCaseExecutor.java:294)
	at com.kms.katalon.core.main.TestCaseExecutor.doExecute(TestCaseExecutor.java:285)
	at com.kms.katalon.core.main.TestCaseExecutor.processExecutionPhase(TestCaseExecutor.java:264)
	at com.kms.katalon.core.main.TestCaseExecutor.accessMainPhase(TestCaseExecutor.java:256)
	at com.kms.katalon.core.main.TestCaseExecutor.execute(TestCaseExecutor.java:200)
	at com.kms.katalon.core.main.TestSuiteExecutor.accessTestCaseMainPhase(TestSuiteExecutor.java:129)
	at com.kms.katalon.core.main.TestSuiteExecutor.accessTestSuiteMainPhase(TestSuiteExecutor.java:112)
	at com.kms.katalon.core.main.TestSuiteExecutor.execute(TestSuiteExecutor.java:81)
	at com.kms.katalon.core.main.TestCaseMain.startTestSuite(TestCaseMain.java:142)
	at com.kms.katalon.core.main.TestCaseMain$startTestSuite$0.call(Unknown Source)
	at org.codehaus.groovy.runtime.callsite.CallSiteArray.defaultCall(CallSiteArray.java:48)
	at org.codehaus.groovy.runtime.callsite.AbstractCallSite.call(AbstractCallSite.java:113)
	at org.codehaus.groovy.runtime.callsite.AbstractCallSite.call(AbstractCallSite.java:141)
	at TempTestSuite1542093360135.run(TempTestSuite1542093360135.groovy:36)
	at groovy.lang.GroovyShell.runScriptOrMainOrTestOrRunnable(GroovyShell.java:263)
	at groovy.lang.GroovyShell.run(GroovyShell.java:518)
	at groovy.lang.GroovyShell.run(GroovyShell.java:507)
	at groovy.ui.GroovyMain.processOnce(GroovyMain.java:653)
	at groovy.ui.GroovyMain.run(GroovyMain.java:384)
	at groovy.ui.GroovyMain.process(GroovyMain.java:370)
	at groovy.ui.GroovyMain.processArgs(GroovyMain.java:129)
	at groovy.ui.GroovyMain.main(GroovyMain.java:109)
	at sun.reflect.NativeMethodAccessorImpl.invoke0(Native Method)
	at sun.reflect.NativeMethodAccessorImpl.invoke(NativeMethodAccessorImpl.java:62)
	at sun.reflect.DelegatingMethodAccessorImpl.invoke(DelegatingMethodAccessorImpl.java:43)
	at java.lang.reflect.Method.invoke(Method.java:498)
	at org.codehaus.groovy.tools.GroovyStarter.rootLoader(GroovyStarter.java:109)
	at org.codehaus.groovy.tools.GroovyStarter.main(GroovyStarter.java:131)
)]]></system-out>
      <system-err><![CDATA[2018-11-13 14:16:04 - [TEST_SUITE][FAILED] - DCM: Test Cases/DCM/Testcase01_VerifyLoginSuccessfully FAILED because (of) (Stack trace: com.kms.katalon.core.exception.StepFailedException: Unable to set encrypted text for object 'Object Repository/DCM/Login_Obj/input_Cost and Deals_j_passwor' (Root cause: javax.crypto.IllegalBlockSizeException: Input length must be multiple of 8 when decrypting with padded cipher)
	at com.kms.katalon.core.keyword.internal.KeywordMain.stepFailed(KeywordMain.groovy:36)
	at com.kms.katalon.core.webui.keyword.internal.WebUIKeywordMain.stepFailed(WebUIKeywordMain.groovy:65)
	at com.kms.katalon.core.webui.keyword.internal.WebUIKeywordMain.runKeyword(WebUIKeywordMain.groovy:27)
	at com.kms.katalon.core.webui.keyword.builtin.SetEncryptedTextKeyword.setEncryptedText(SetEncryptedTextKeyword.groovy:65)
	at com.kms.katalon.core.webui.keyword.builtin.SetEncryptedTextKeyword.execute(SetEncryptedTextKeyword.groovy:34)
	at com.kms.katalon.core.keyword.internal.KeywordExecutor.executeKeywordForPlatform(KeywordExecutor.groovy:53)
	at com.kms.katalon.core.webui.keyword.WebUiBuiltInKeywords.setEncryptedText(WebUiBuiltInKeywords.groovy:981)
	at com.kms.katalon.core.webui.keyword.WebUiBuiltInKeywords$setEncryptedText$1.call(Unknown Source)
	at Script1542077255759.run(Script1542077255759.groovy:23)
	at com.kms.katalon.core.main.ScriptEngine.run(ScriptEngine.java:183)
	at com.kms.katalon.core.main.ScriptEngine.runScriptAsRawText(ScriptEngine.java:108)
	at com.kms.katalon.core.main.TestCaseExecutor.runScript(TestCaseExecutor.java:294)
	at com.kms.katalon.core.main.TestCaseExecutor.doExecute(TestCaseExecutor.java:285)
	at com.kms.katalon.core.main.TestCaseExecutor.processExecutionPhase(TestCaseExecutor.java:264)
	at com.kms.katalon.core.main.TestCaseExecutor.accessMainPhase(TestCaseExecutor.java:256)
	at com.kms.katalon.core.main.TestCaseExecutor.execute(TestCaseExecutor.java:200)
	at com.kms.katalon.core.main.TestSuiteExecutor.accessTestCaseMainPhase(TestSuiteExecutor.java:129)
	at com.kms.katalon.core.main.TestSuiteExecutor.accessTestSuiteMainPhase(TestSuiteExecutor.java:112)
	at com.kms.katalon.core.main.TestSuiteExecutor.execute(TestSuiteExecutor.java:81)
	at com.kms.katalon.core.main.TestCaseMain.startTestSuite(TestCaseMain.java:142)
	at com.kms.katalon.core.main.TestCaseMain$startTestSuite$0.call(Unknown Source)
	at org.codehaus.groovy.runtime.callsite.CallSiteArray.defaultCall(CallSiteArray.java:48)
	at org.codehaus.groovy.runtime.callsite.AbstractCallSite.call(AbstractCallSite.java:113)
	at org.codehaus.groovy.runtime.callsite.AbstractCallSite.call(AbstractCallSite.java:141)
	at TempTestSuite1542093360135.run(TempTestSuite1542093360135.groovy:36)
	at groovy.lang.GroovyShell.runScriptOrMainOrTestOrRunnable(GroovyShell.java:263)
	at groovy.lang.GroovyShell.run(GroovyShell.java:518)
	at groovy.lang.GroovyShell.run(GroovyShell.java:507)
	at groovy.ui.GroovyMain.processOnce(GroovyMain.java:653)
	at groovy.ui.GroovyMain.run(GroovyMain.java:384)
	at groovy.ui.GroovyMain.process(GroovyMain.java:370)
	at groovy.ui.GroovyMain.processArgs(GroovyMain.java:129)
	at groovy.ui.GroovyMain.main(GroovyMain.java:109)
	at sun.reflect.NativeMethodAccessorImpl.invoke0(Native Method)
	at sun.reflect.NativeMethodAccessorImpl.invoke(NativeMethodAccessorImpl.java:62)
	at sun.reflect.DelegatingMethodAccessorImpl.invoke(DelegatingMethodAccessorImpl.java:43)
	at java.lang.reflect.Method.invoke(Method.java:498)
	at org.codehaus.groovy.tools.GroovyStarter.rootLoader(GroovyStarter.java:109)
	at org.codehaus.groovy.tools.GroovyStarter.main(GroovyStarter.java:131)
)]]></system-err>
   </testsuite>
</testsuites>
