<?xml version="1.0" encoding="UTF-8"?>
<testsuites name="Demo" time="60" tests="0" failures="1" errors="0">
   <testsuite name="Demo" tests="0" failures="1" errors="0" time="60" timestamp="2018-11-22 14:36:51" hostname="longnguyen - LONGNGUYEN.vodc.lan" id="Test Suites/Demo">
      <properties>
         <property name="deviceName" value=""/>
         <property name="devicePlatform" value=""/>
         <property name="logFolder" value="E:\\WORK\\Katalon_CURA Testproject\\Reports\\Demo\\20181122_143646"/>
         <property name="logFiles" value="E:\\WORK\\Katalon_CURA Testproject\\Reports\\Demo\\20181122_143646\\execution0.log"/>
         <property name="attachments" value=""/>
         <property name="hostName" value="longnguyen - LONGNGUYEN.vodc.lan"/>
         <property name="os" value="Windows 10 64bit"/>
         <property name="katalonVersion" value="5.8.6.1"/>
         <property name="browser" value="Chrome 70.0.3538.102"/>
         <property name="dbServerInfo" value="Microsoft SQL Server 12.00.4100"/>
         <property name="hostAddress" value="10.10.10.62"/>
         <property name="sessionId" value="e4a21096ae5a4cd60dac99a975117429"/>
         <property name="seleniumVersion" value="3.7.1"/>
         <property name="proxyInformation" value="ProxyInformation{proxyOption=NO_PROXY, proxyServerType=HTTP, password=, proxyServerAddress=, proxyServerPort=0}"/>
         <property name="platform" value="Windows 10"/>
      </properties>
      <testcase name="Test Cases/Demo/DataTable" classname="Test Cases/Demo/DataTable" status="FAILED">
         <failure type="FAILED" message="(Stack trace: com.kms.katalon.core.exception.StepFailedException: Unable to verify match between actual text 'Airi Satou' and expected text 'Angelica Ramos' (Root cause: Actual text 'Airi Satou' and expected text 'Angelica Ramos' are not matched)
	at com.kms.katalon.core.keyword.internal.KeywordMain.stepFailed(KeywordMain.groovy:32)
	at com.kms.katalon.core.keyword.internal.KeywordMain.stepFailed(KeywordMain.groovy)
	at com.kms.katalon.core.keyword.internal.KeywordMain.runKeyword(KeywordMain.groovy:56)
	at com.kms.katalon.core.keyword.builtin.VerifyMatchKeyword.verifyMatch(VerifyMatchKeyword.groovy:61)
	at com.kms.katalon.core.keyword.builtin.VerifyMatchKeyword.execute(VerifyMatchKeyword.groovy:46)
	at com.kms.katalon.core.keyword.internal.KeywordExecutor.executeKeywordForPlatform(KeywordExecutor.groovy:53)
	at com.kms.katalon.core.keyword.BuiltinKeywords.verifyMatch(BuiltinKeywords.groovy:55)
	at sun.reflect.NativeMethodAccessorImpl.invoke0(Native Method)
	at sun.reflect.NativeMethodAccessorImpl.invoke(NativeMethodAccessorImpl.java:62)
	at sun.reflect.DelegatingMethodAccessorImpl.invoke(DelegatingMethodAccessorImpl.java:43)
	at java.lang.reflect.Method.invoke(Method.java:498)
	at org.codehaus.groovy.reflection.CachedMethod.invoke(CachedMethod.java:93)
	at groovy.lang.MetaMethod.doMethodInvoke(MetaMethod.java:325)
	at groovy.lang.MetaClassImpl.invokeStaticMethod(MetaClassImpl.java:1469)
	at org.codehaus.groovy.runtime.callsite.StaticMetaClassSite.call(StaticMetaClassSite.java:53)
	at org.codehaus.groovy.runtime.callsite.CallSiteArray.defaultCall(CallSiteArray.java:48)
	at org.codehaus.groovy.runtime.callsite.AbstractCallSite.call(AbstractCallSite.java:113)
	at org.codehaus.groovy.runtime.callsite.AbstractCallSite.call(AbstractCallSite.java:149)
	at Script1542702721131.run(Script1542702721131.groovy:51)
	at com.kms.katalon.core.main.ScriptEngine.run(ScriptEngine.java:183)
	at com.kms.katalon.core.main.ScriptEngine.runScriptAsRawText(ScriptEngine.java:108)
	at com.kms.katalon.core.main.TestCaseExecutor.runScript(TestCaseExecutor.java:294)
	at com.kms.katalon.core.main.TestCaseExecutor.doExecute(TestCaseExecutor.java:285)
	at com.kms.katalon.core.main.TestCaseExecutor.processExecutionPhase(TestCaseExecutor.java:264)
	at com.kms.katalon.core.main.TestCaseExecutor.accessMainPhase(TestCaseExecutor.java:256)
	at com.kms.katalon.core.main.TestCaseExecutor.execute(TestCaseExecutor.java:200)
	at com.kms.katalon.core.main.TestSuiteExecutor.accessTestCaseMainPhase(TestSuiteExecutor.java:129)
	at com.kms.katalon.core.main.TestSuiteExecutor.accessTestSuiteMainPhase(TestSuiteExecutor.java:112)
	at com.kms.katalon.core.main.TestSuiteExecutor.execute(TestSuiteExecutor.java:81)
	at com.kms.katalon.core.main.TestCaseMain.startTestSuite(TestCaseMain.java:142)
	at com.kms.katalon.core.main.TestCaseMain$startTestSuite$0.call(Unknown Source)
	at org.codehaus.groovy.runtime.callsite.CallSiteArray.defaultCall(CallSiteArray.java:48)
	at org.codehaus.groovy.runtime.callsite.AbstractCallSite.call(AbstractCallSite.java:113)
	at org.codehaus.groovy.runtime.callsite.AbstractCallSite.call(AbstractCallSite.java:141)
	at TempTestSuite1542872206542.run(TempTestSuite1542872206542.groovy:36)
	at groovy.lang.GroovyShell.runScriptOrMainOrTestOrRunnable(GroovyShell.java:263)
	at groovy.lang.GroovyShell.run(GroovyShell.java:518)
	at groovy.lang.GroovyShell.run(GroovyShell.java:507)
	at groovy.ui.GroovyMain.processOnce(GroovyMain.java:653)
	at groovy.ui.GroovyMain.run(GroovyMain.java:384)
	at groovy.ui.GroovyMain.process(GroovyMain.java:370)
	at groovy.ui.GroovyMain.processArgs(GroovyMain.java:129)
	at groovy.ui.GroovyMain.main(GroovyMain.java:109)
	at sun.reflect.NativeMethodAccessorImpl.invoke0(Native Method)
	at sun.reflect.NativeMethodAccessorImpl.invoke(NativeMethodAccessorImpl.java:62)
	at sun.reflect.DelegatingMethodAccessorImpl.invoke(DelegatingMethodAccessorImpl.java:43)
	at java.lang.reflect.Method.invoke(Method.java:498)
	at org.codehaus.groovy.tools.GroovyStarter.rootLoader(GroovyStarter.java:109)
	at org.codehaus.groovy.tools.GroovyStarter.main(GroovyStarter.java:131)
)"/>
         <system-out><![CDATA[2018-11-22 14:36:53 - [TEST_CASE][FAILED] - Test Cases/Demo/DataTable: Test Cases/Demo/DataTable FAILED because (of) (Stack trace: com.kms.katalon.core.exception.StepFailedException: Unable to verify match between actual text 'Airi Satou' and expected text 'Angelica Ramos' (Root cause: Actual text 'Airi Satou' and expected text 'Angelica Ramos' are not matched)
	at com.kms.katalon.core.keyword.internal.KeywordMain.stepFailed(KeywordMain.groovy:32)
	at com.kms.katalon.core.keyword.internal.KeywordMain.stepFailed(KeywordMain.groovy)
	at com.kms.katalon.core.keyword.internal.KeywordMain.runKeyword(KeywordMain.groovy:56)
	at com.kms.katalon.core.keyword.builtin.VerifyMatchKeyword.verifyMatch(VerifyMatchKeyword.groovy:61)
	at com.kms.katalon.core.keyword.builtin.VerifyMatchKeyword.execute(VerifyMatchKeyword.groovy:46)
	at com.kms.katalon.core.keyword.internal.KeywordExecutor.executeKeywordForPlatform(KeywordExecutor.groovy:53)
	at com.kms.katalon.core.keyword.BuiltinKeywords.verifyMatch(BuiltinKeywords.groovy:55)
	at sun.reflect.NativeMethodAccessorImpl.invoke0(Native Method)
	at sun.reflect.NativeMethodAccessorImpl.invoke(NativeMethodAccessorImpl.java:62)
	at sun.reflect.DelegatingMethodAccessorImpl.invoke(DelegatingMethodAccessorImpl.java:43)
	at java.lang.reflect.Method.invoke(Method.java:498)
	at org.codehaus.groovy.reflection.CachedMethod.invoke(CachedMethod.java:93)
	at groovy.lang.MetaMethod.doMethodInvoke(MetaMethod.java:325)
	at groovy.lang.MetaClassImpl.invokeStaticMethod(MetaClassImpl.java:1469)
	at org.codehaus.groovy.runtime.callsite.StaticMetaClassSite.call(StaticMetaClassSite.java:53)
	at org.codehaus.groovy.runtime.callsite.CallSiteArray.defaultCall(CallSiteArray.java:48)
	at org.codehaus.groovy.runtime.callsite.AbstractCallSite.call(AbstractCallSite.java:113)
	at org.codehaus.groovy.runtime.callsite.AbstractCallSite.call(AbstractCallSite.java:149)
	at Script1542702721131.run(Script1542702721131.groovy:51)
	at com.kms.katalon.core.main.ScriptEngine.run(ScriptEngine.java:183)
	at com.kms.katalon.core.main.ScriptEngine.runScriptAsRawText(ScriptEngine.java:108)
	at com.kms.katalon.core.main.TestCaseExecutor.runScript(TestCaseExecutor.java:294)
	at com.kms.katalon.core.main.TestCaseExecutor.doExecute(TestCaseExecutor.java:285)
	at com.kms.katalon.core.main.TestCaseExecutor.processExecutionPhase(TestCaseExecutor.java:264)
	at com.kms.katalon.core.main.TestCaseExecutor.accessMainPhase(TestCaseExecutor.java:256)
	at com.kms.katalon.core.main.TestCaseExecutor.execute(TestCaseExecutor.java:200)
	at com.kms.katalon.core.main.TestSuiteExecutor.accessTestCaseMainPhase(TestSuiteExecutor.java:129)
	at com.kms.katalon.core.main.TestSuiteExecutor.accessTestSuiteMainPhase(TestSuiteExecutor.java:112)
	at com.kms.katalon.core.main.TestSuiteExecutor.execute(TestSuiteExecutor.java:81)
	at com.kms.katalon.core.main.TestCaseMain.startTestSuite(TestCaseMain.java:142)
	at com.kms.katalon.core.main.TestCaseMain$startTestSuite$0.call(Unknown Source)
	at org.codehaus.groovy.runtime.callsite.CallSiteArray.defaultCall(CallSiteArray.java:48)
	at org.codehaus.groovy.runtime.callsite.AbstractCallSite.call(AbstractCallSite.java:113)
	at org.codehaus.groovy.runtime.callsite.AbstractCallSite.call(AbstractCallSite.java:141)
	at TempTestSuite1542872206542.run(TempTestSuite1542872206542.groovy:36)
	at groovy.lang.GroovyShell.runScriptOrMainOrTestOrRunnable(GroovyShell.java:263)
	at groovy.lang.GroovyShell.run(GroovyShell.java:518)
	at groovy.lang.GroovyShell.run(GroovyShell.java:507)
	at groovy.ui.GroovyMain.processOnce(GroovyMain.java:653)
	at groovy.ui.GroovyMain.run(GroovyMain.java:384)
	at groovy.ui.GroovyMain.process(GroovyMain.java:370)
	at groovy.ui.GroovyMain.processArgs(GroovyMain.java:129)
	at groovy.ui.GroovyMain.main(GroovyMain.java:109)
	at sun.reflect.NativeMethodAccessorImpl.invoke0(Native Method)
	at sun.reflect.NativeMethodAccessorImpl.invoke(NativeMethodAccessorImpl.java:62)
	at sun.reflect.DelegatingMethodAccessorImpl.invoke(DelegatingMethodAccessorImpl.java:43)
	at java.lang.reflect.Method.invoke(Method.java:498)
	at org.codehaus.groovy.tools.GroovyStarter.rootLoader(GroovyStarter.java:109)
	at org.codehaus.groovy.tools.GroovyStarter.main(GroovyStarter.java:131)
)

2018-11-22 14:36:53 - [TEST_STEP][PASSED] - Start listener action : sampleBeforeTestCase: Invoke 'com.kms.katalon.core.annotation.BeforeTestCase' method: 'NewTestListener.sampleBeforeTestCase(...)' completed.

2018-11-22 14:36:53 - [TEST_STEP][PASSED] - Statement - println(testCaseContext.getTestCaseId()): null

2018-11-22 14:36:53 - [TEST_STEP][PASSED] - Statement - println(testCaseContext.getTestCaseVariables()): Invoke 'com.kms.katalon.core.annotation.BeforeTestCase' method: 'NewTestListener.sampleBeforeTestCase(...)' completed.

2018-11-22 14:36:54 - [TEST_STEP][PASSED] - Statement - row_data_table = <not implemented yet for class: org.codehaus.groovy.ast.expr.EmptyExpression>: null

2018-11-22 14:36:54 - [TEST_STEP][PASSED] - openBrowser: Browser is opened with url: ''

2018-11-22 14:37:02 - [MESSAGE][PASSED] - Browser is opened with url: ''

2018-11-22 14:37:02 - [TEST_STEP][PASSED] - navigateToUrl: Navigate to 'file:/E:/WORK/PassPulFramework/PassPul/PassPul/SeleniumEasy/www.seleniumeasy.com/test/table-data-download-demo.html' successfully

2018-11-22 14:37:04 - [MESSAGE][PASSED] - Navigate to 'file:/E:/WORK/PassPulFramework/PassPul/PassPul/SeleniumEasy/www.seleniumeasy.com/test/table-data-download-demo.html' successfully

2018-11-22 14:37:04 - [TEST_STEP][PASSED] - maximizeWindow: Current window maximized

2018-11-22 14:37:05 - [MESSAGE][PASSED] - Current window maximized

2018-11-22 14:37:05 - [TEST_STEP][PASSED] - scrollToPosition: Browser is scrolled to position x = 250, y = 250

2018-11-22 14:37:06 - [MESSAGE][PASSED] - Browser is scrolled to position x = 250, y = 250

2018-11-22 14:37:06 - [TEST_STEP][PASSED] - Statement - driver = com.kms.katalon.core.webui.driver.DriverFactory.getWebDriver(): null

2018-11-22 14:37:06 - [TEST_STEP][PASSED] - Statement - pagination = driver.findElements(org.openqa.selenium.By.xpath(".//*[@id="example_paginate"]/span/a")): null

2018-11-22 14:37:06 - [TEST_STEP][PASSED] - Statement - size = pagination.size(): null

2018-11-22 14:37:06 - [TEST_STEP][PASSED] - Statement - out.println(pagination.size()): null

2018-11-22 14:37:06 - [TEST_STEP][FAILED] - Statement - For ([i = 1, i <= size, (i++)]): null

2018-11-22 14:37:06 - [TEST_STEP][FAILED] - Statement - Try: Unable to verify match between actual text '$205,500' and expected text '$345,000' (Root cause: Actual text '$205,500' and expected text '$345,000' are not matched)

2018-11-22 14:37:06 - [TEST_STEP][PASSED] - Statement - element = driver.findElement(org.openqa.selenium.By.xpath(".//*[@id='example_paginate']/span/a[" + i + "]")).click(): null

2018-11-22 14:37:06 - [TEST_STEP][PASSED] - Statement - java.lang.Thread.sleep(2000): null

2018-11-22 14:37:08 - [TEST_STEP][PASSED] - Statement - row_table = driver.findElements(org.openqa.selenium.By.xpath(".//*[@id='example']/tbody/tr")): null

2018-11-22 14:37:08 - [TEST_STEP][PASSED] - Statement - row_count = row_table.size(): null

2018-11-22 14:37:08 - [TEST_STEP][PASSED] - Statement - println("No of rows are : " + row_count): null

2018-11-22 14:37:08 - [TEST_STEP][FAILED] - Statement - For ([row = 0, row < row_count, (row++)]): Unable to verify match between actual text '$205,500' and expected text '$345,000' (Root cause: Actual text '$205,500' and expected text '$345,000' are not matched)

2018-11-22 14:37:08 - [TEST_STEP][PASSED] - Statement - (row_data_table++): null

2018-11-22 14:37:08 - [TEST_STEP][PASSED] - Statement - println((row_data_table++)): null

2018-11-22 14:37:08 - [TEST_STEP][PASSED] - Statement - column_table = row_table.get(row).findElements(org.openqa.selenium.By.tagName("td")): null

2018-11-22 14:37:08 - [TEST_STEP][PASSED] - Statement - column_count = column_table.size(): null

2018-11-22 14:37:08 - [TEST_STEP][PASSED] - Statement - println("No of cell in rows : " + row + " are " + column_count): null

2018-11-22 14:37:08 - [TEST_STEP][FAILED] - Statement - For ([column = 0, column < column_count, (column++)]): Unable to verify match between actual text '$162,700' and expected text '$1,200,000' (Root cause: Actual text '$162,700' and expected text '$1,200,000' are not matched)

2018-11-22 14:37:08 - [TEST_STEP][PASSED] - Statement - cell_text = column_table.get(column).getText(): null

2018-11-22 14:37:08 - [TEST_STEP][PASSED] - Statement - println("Cell value of row : " + row + " and cell " + column + " is " + cell_text): null

2018-11-22 14:37:08 - [TEST_STEP][FAILED] - verifyMatch: Unable to verify match between actual text 'Airi Satou' and expected text 'Angelica Ramos' (Root cause: Actual text 'Airi Satou' and expected text 'Angelica Ramos' are not matched)

2018-11-22 14:37:10 - [MESSAGE][FAILED] - Unable to verify match between actual text 'Airi Satou' and expected text 'Angelica Ramos' (Root cause: Actual text 'Airi Satou' and expected text 'Angelica Ramos' are not matched)

2018-11-22 14:37:10 - [TEST_STEP][PASSED] - Statement - cell_text = column_table.get(column).getText(): null

2018-11-22 14:37:10 - [TEST_STEP][PASSED] - Statement - println("Cell value of row : " + row + " and cell " + column + " is " + cell_text): null

2018-11-22 14:37:10 - [TEST_STEP][FAILED] - verifyMatch: Unable to verify match between actual text 'Accountant' and expected text 'Chief Executive Officer (CEO)' (Root cause: Actual text 'Accountant' and expected text 'Chief Executive Officer (CEO)' are not matched)

2018-11-22 14:37:11 - [MESSAGE][FAILED] - Unable to verify match between actual text 'Accountant' and expected text 'Chief Executive Officer (CEO)' (Root cause: Actual text 'Accountant' and expected text 'Chief Executive Officer (CEO)' are not matched)

2018-11-22 14:37:11 - [TEST_STEP][PASSED] - Statement - cell_text = column_table.get(column).getText(): null

2018-11-22 14:37:11 - [TEST_STEP][PASSED] - Statement - println("Cell value of row : " + row + " and cell " + column + " is " + cell_text): null

2018-11-22 14:37:11 - [TEST_STEP][FAILED] - verifyMatch: Unable to verify match between actual text 'Tokyo' and expected text 'London' (Root cause: Actual text 'Tokyo' and expected text 'London' are not matched)

2018-11-22 14:37:12 - [MESSAGE][FAILED] - Unable to verify match between actual text 'Tokyo' and expected text 'London' (Root cause: Actual text 'Tokyo' and expected text 'London' are not matched)

2018-11-22 14:37:12 - [TEST_STEP][PASSED] - Statement - cell_text = column_table.get(column).getText(): null

2018-11-22 14:37:12 - [TEST_STEP][PASSED] - Statement - println("Cell value of row : " + row + " and cell " + column + " is " + cell_text): null

2018-11-22 14:37:12 - [TEST_STEP][FAILED] - verifyMatch: Unable to verify match between actual text '33' and expected text '47' (Root cause: Actual text '33' and expected text '47' are not matched)

2018-11-22 14:37:12 - [MESSAGE][FAILED] - Unable to verify match between actual text '33' and expected text '47' (Root cause: Actual text '33' and expected text '47' are not matched)

2018-11-22 14:37:12 - [TEST_STEP][PASSED] - Statement - cell_text = column_table.get(column).getText(): null

2018-11-22 14:37:12 - [TEST_STEP][PASSED] - Statement - println("Cell value of row : " + row + " and cell " + column + " is " + cell_text): null

2018-11-22 14:37:12 - [TEST_STEP][FAILED] - verifyMatch: Unable to verify match between actual text '2008/11/28' and expected text '2009/10/09' (Root cause: Actual text '2008/11/28' and expected text '2009/10/09' are not matched)

2018-11-22 14:37:12 - [MESSAGE][FAILED] - Unable to verify match between actual text '2008/11/28' and expected text '2009/10/09' (Root cause: Actual text '2008/11/28' and expected text '2009/10/09' are not matched)

2018-11-22 14:37:12 - [TEST_STEP][PASSED] - Statement - cell_text = column_table.get(column).getText(): null

2018-11-22 14:37:13 - [TEST_STEP][PASSED] - Statement - println("Cell value of row : " + row + " and cell " + column + " is " + cell_text): null

2018-11-22 14:37:13 - [TEST_STEP][FAILED] - verifyMatch: Unable to verify match between actual text '$162,700' and expected text '$1,200,000' (Root cause: Actual text '$162,700' and expected text '$1,200,000' are not matched)

2018-11-22 14:37:13 - [MESSAGE][FAILED] - Unable to verify match between actual text '$162,700' and expected text '$1,200,000' (Root cause: Actual text '$162,700' and expected text '$1,200,000' are not matched)

2018-11-22 14:37:13 - [TEST_STEP][PASSED] - Statement - (row_data_table++): null

2018-11-22 14:37:13 - [TEST_STEP][PASSED] - Statement - println((row_data_table++)): null

2018-11-22 14:37:13 - [TEST_STEP][PASSED] - Statement - column_table = row_table.get(row).findElements(org.openqa.selenium.By.tagName("td")): null

2018-11-22 14:37:13 - [TEST_STEP][PASSED] - Statement - column_count = column_table.size(): null

2018-11-22 14:37:13 - [TEST_STEP][PASSED] - Statement - println("No of cell in rows : " + row + " are " + column_count): null

2018-11-22 14:37:13 - [TEST_STEP][FAILED] - Statement - For ([column = 0, column < column_count, (column++)]): Unable to verify match between actual text '$1,200,000' and expected text '$132,000' (Root cause: Actual text '$1,200,000' and expected text '$132,000' are not matched)

2018-11-22 14:37:13 - [TEST_STEP][PASSED] - Statement - cell_text = column_table.get(column).getText(): null

2018-11-22 14:37:14 - [TEST_STEP][PASSED] - Statement - println("Cell value of row : " + row + " and cell " + column + " is " + cell_text): null

2018-11-22 14:37:14 - [TEST_STEP][FAILED] - verifyMatch: Unable to verify match between actual text 'Angelica Ramos' and expected text 'Bradley Greer' (Root cause: Actual text 'Angelica Ramos' and expected text 'Bradley Greer' are not matched)

2018-11-22 14:37:14 - [MESSAGE][FAILED] - Unable to verify match between actual text 'Angelica Ramos' and expected text 'Bradley Greer' (Root cause: Actual text 'Angelica Ramos' and expected text 'Bradley Greer' are not matched)

2018-11-22 14:37:14 - [TEST_STEP][PASSED] - Statement - cell_text = column_table.get(column).getText(): null

2018-11-22 14:37:14 - [TEST_STEP][PASSED] - Statement - println("Cell value of row : " + row + " and cell " + column + " is " + cell_text): null

2018-11-22 14:37:14 - [TEST_STEP][FAILED] - verifyMatch: Unable to verify match between actual text 'Chief Executive Officer (CEO)' and expected text 'Software Engineer' (Root cause: Actual text 'Chief Executive Officer (CEO)' and expected text 'Software Engineer' are not matched)

2018-11-22 14:37:14 - [MESSAGE][FAILED] - Unable to verify match between actual text 'Chief Executive Officer (CEO)' and expected text 'Software Engineer' (Root cause: Actual text 'Chief Executive Officer (CEO)' and expected text 'Software Engineer' are not matched)

2018-11-22 14:37:14 - [TEST_STEP][PASSED] - Statement - cell_text = column_table.get(column).getText(): null

2018-11-22 14:37:14 - [TEST_STEP][PASSED] - Statement - println("Cell value of row : " + row + " and cell " + column + " is " + cell_text): null

2018-11-22 14:37:14 - [TEST_STEP][PASSED] - verifyMatch: Actual text 'London' and expected text 'London' are matched 

2018-11-22 14:37:14 - [MESSAGE][PASSED] - Actual text 'London' and expected text 'London' are matched 

2018-11-22 14:37:14 - [TEST_STEP][PASSED] - Statement - cell_text = column_table.get(column).getText(): null

2018-11-22 14:37:14 - [TEST_STEP][PASSED] - Statement - println("Cell value of row : " + row + " and cell " + column + " is " + cell_text): null

2018-11-22 14:37:14 - [TEST_STEP][FAILED] - verifyMatch: Unable to verify match between actual text '47' and expected text '41' (Root cause: Actual text '47' and expected text '41' are not matched)

2018-11-22 14:37:14 - [MESSAGE][FAILED] - Unable to verify match between actual text '47' and expected text '41' (Root cause: Actual text '47' and expected text '41' are not matched)

2018-11-22 14:37:14 - [TEST_STEP][PASSED] - Statement - cell_text = column_table.get(column).getText(): null

2018-11-22 14:37:14 - [TEST_STEP][PASSED] - Statement - println("Cell value of row : " + row + " and cell " + column + " is " + cell_text): null

2018-11-22 14:37:14 - [TEST_STEP][FAILED] - verifyMatch: Unable to verify match between actual text '2009/10/09' and expected text '2012/10/13' (Root cause: Actual text '2009/10/09' and expected text '2012/10/13' are not matched)

2018-11-22 14:37:15 - [MESSAGE][FAILED] - Unable to verify match between actual text '2009/10/09' and expected text '2012/10/13' (Root cause: Actual text '2009/10/09' and expected text '2012/10/13' are not matched)

2018-11-22 14:37:15 - [TEST_STEP][PASSED] - Statement - cell_text = column_table.get(column).getText(): null

2018-11-22 14:37:15 - [TEST_STEP][PASSED] - Statement - println("Cell value of row : " + row + " and cell " + column + " is " + cell_text): null

2018-11-22 14:37:15 - [TEST_STEP][FAILED] - verifyMatch: Unable to verify match between actual text '$1,200,000' and expected text '$132,000' (Root cause: Actual text '$1,200,000' and expected text '$132,000' are not matched)

2018-11-22 14:37:15 - [MESSAGE][FAILED] - Unable to verify match between actual text '$1,200,000' and expected text '$132,000' (Root cause: Actual text '$1,200,000' and expected text '$132,000' are not matched)

2018-11-22 14:37:15 - [TEST_STEP][PASSED] - Statement - (row_data_table++): null

2018-11-22 14:37:15 - [TEST_STEP][PASSED] - Statement - println((row_data_table++)): null

2018-11-22 14:37:15 - [TEST_STEP][PASSED] - Statement - column_table = row_table.get(row).findElements(org.openqa.selenium.By.tagName("td")): null

2018-11-22 14:37:15 - [TEST_STEP][PASSED] - Statement - column_count = column_table.size(): null

2018-11-22 14:37:15 - [TEST_STEP][PASSED] - Statement - println("No of cell in rows : " + row + " are " + column_count): null

2018-11-22 14:37:15 - [TEST_STEP][FAILED] - Statement - For ([column = 0, column < column_count, (column++)]): Unable to verify match between actual text '$86,000' and expected text '$372,000' (Root cause: Actual text '$86,000' and expected text '$372,000' are not matched)

2018-11-22 14:37:15 - [TEST_STEP][PASSED] - Statement - cell_text = column_table.get(column).getText(): null

2018-11-22 14:37:15 - [TEST_STEP][PASSED] - Statement - println("Cell value of row : " + row + " and cell " + column + " is " + cell_text): null

2018-11-22 14:37:15 - [TEST_STEP][FAILED] - verifyMatch: Unable to verify match between actual text 'Ashton Cox' and expected text 'Brielle Williamson' (Root cause: Actual text 'Ashton Cox' and expected text 'Brielle Williamson' are not matched)

2018-11-22 14:37:16 - [MESSAGE][FAILED] - Unable to verify match between actual text 'Ashton Cox' and expected text 'Brielle Williamson' (Root cause: Actual text 'Ashton Cox' and expected text 'Brielle Williamson' are not matched)

2018-11-22 14:37:16 - [TEST_STEP][PASSED] - Statement - cell_text = column_table.get(column).getText(): null

2018-11-22 14:37:16 - [TEST_STEP][PASSED] - Statement - println("Cell value of row : " + row + " and cell " + column + " is " + cell_text): null

2018-11-22 14:37:16 - [TEST_STEP][FAILED] - verifyMatch: Unable to verify match between actual text 'Junior Technical Author' and expected text 'Integration Specialist' (Root cause: Actual text 'Junior Technical Author' and expected text 'Integration Specialist' are not matched)

2018-11-22 14:37:16 - [MESSAGE][FAILED] - Unable to verify match between actual text 'Junior Technical Author' and expected text 'Integration Specialist' (Root cause: Actual text 'Junior Technical Author' and expected text 'Integration Specialist' are not matched)

2018-11-22 14:37:16 - [TEST_STEP][PASSED] - Statement - cell_text = column_table.get(column).getText(): null

2018-11-22 14:37:17 - [TEST_STEP][PASSED] - Statement - println("Cell value of row : " + row + " and cell " + column + " is " + cell_text): null

2018-11-22 14:37:17 - [TEST_STEP][FAILED] - verifyMatch: Unable to verify match between actual text 'San Francisco' and expected text 'New York' (Root cause: Actual text 'San Francisco' and expected text 'New York' are not matched)

2018-11-22 14:37:18 - [MESSAGE][FAILED] - Unable to verify match between actual text 'San Francisco' and expected text 'New York' (Root cause: Actual text 'San Francisco' and expected text 'New York' are not matched)

2018-11-22 14:37:18 - [TEST_STEP][PASSED] - Statement - cell_text = column_table.get(column).getText(): null

2018-11-22 14:37:18 - [TEST_STEP][PASSED] - Statement - println("Cell value of row : " + row + " and cell " + column + " is " + cell_text): null

2018-11-22 14:37:18 - [TEST_STEP][FAILED] - verifyMatch: Unable to verify match between actual text '66' and expected text '61' (Root cause: Actual text '66' and expected text '61' are not matched)

2018-11-22 14:37:18 - [MESSAGE][FAILED] - Unable to verify match between actual text '66' and expected text '61' (Root cause: Actual text '66' and expected text '61' are not matched)

2018-11-22 14:37:18 - [TEST_STEP][PASSED] - Statement - cell_text = column_table.get(column).getText(): null

2018-11-22 14:37:18 - [TEST_STEP][PASSED] - Statement - println("Cell value of row : " + row + " and cell " + column + " is " + cell_text): null

2018-11-22 14:37:18 - [TEST_STEP][FAILED] - verifyMatch: Unable to verify match between actual text '2009/01/12' and expected text '2012/12/02' (Root cause: Actual text '2009/01/12' and expected text '2012/12/02' are not matched)

2018-11-22 14:37:18 - [MESSAGE][FAILED] - Unable to verify match between actual text '2009/01/12' and expected text '2012/12/02' (Root cause: Actual text '2009/01/12' and expected text '2012/12/02' are not matched)

2018-11-22 14:37:18 - [TEST_STEP][PASSED] - Statement - cell_text = column_table.get(column).getText(): null

2018-11-22 14:37:18 - [TEST_STEP][PASSED] - Statement - println("Cell value of row : " + row + " and cell " + column + " is " + cell_text): null

2018-11-22 14:37:18 - [TEST_STEP][FAILED] - verifyMatch: Unable to verify match between actual text '$86,000' and expected text '$372,000' (Root cause: Actual text '$86,000' and expected text '$372,000' are not matched)

2018-11-22 14:37:18 - [MESSAGE][FAILED] - Unable to verify match between actual text '$86,000' and expected text '$372,000' (Root cause: Actual text '$86,000' and expected text '$372,000' are not matched)

2018-11-22 14:37:18 - [TEST_STEP][PASSED] - Statement - (row_data_table++): null

2018-11-22 14:37:18 - [TEST_STEP][PASSED] - Statement - println((row_data_table++)): null

2018-11-22 14:37:18 - [TEST_STEP][PASSED] - Statement - column_table = row_table.get(row).findElements(org.openqa.selenium.By.tagName("td")): null

2018-11-22 14:37:18 - [TEST_STEP][PASSED] - Statement - column_count = column_table.size(): null

2018-11-22 14:37:18 - [TEST_STEP][PASSED] - Statement - println("No of cell in rows : " + row + " are " + column_count): null

2018-11-22 14:37:18 - [TEST_STEP][FAILED] - Statement - For ([column = 0, column < column_count, (column++)]): Unable to verify match between actual text '$132,000' and expected text '$433,060' (Root cause: Actual text '$132,000' and expected text '$433,060' are not matched)

2018-11-22 14:37:18 - [TEST_STEP][PASSED] - Statement - cell_text = column_table.get(column).getText(): null

2018-11-22 14:37:18 - [TEST_STEP][PASSED] - Statement - println("Cell value of row : " + row + " and cell " + column + " is " + cell_text): null

2018-11-22 14:37:18 - [TEST_STEP][FAILED] - verifyMatch: Unable to verify match between actual text 'Bradley Greer' and expected text 'Cedric Kelly' (Root cause: Actual text 'Bradley Greer' and expected text 'Cedric Kelly' are not matched)

2018-11-22 14:37:19 - [MESSAGE][FAILED] - Unable to verify match between actual text 'Bradley Greer' and expected text 'Cedric Kelly' (Root cause: Actual text 'Bradley Greer' and expected text 'Cedric Kelly' are not matched)

2018-11-22 14:37:19 - [TEST_STEP][PASSED] - Statement - cell_text = column_table.get(column).getText(): null

2018-11-22 14:37:19 - [TEST_STEP][PASSED] - Statement - println("Cell value of row : " + row + " and cell " + column + " is " + cell_text): null

2018-11-22 14:37:19 - [TEST_STEP][FAILED] - verifyMatch: Unable to verify match between actual text 'Software Engineer' and expected text 'Senior Javascript Developer' (Root cause: Actual text 'Software Engineer' and expected text 'Senior Javascript Developer' are not matched)

2018-11-22 14:37:19 - [MESSAGE][FAILED] - Unable to verify match between actual text 'Software Engineer' and expected text 'Senior Javascript Developer' (Root cause: Actual text 'Software Engineer' and expected text 'Senior Javascript Developer' are not matched)

2018-11-22 14:37:19 - [TEST_STEP][PASSED] - Statement - cell_text = column_table.get(column).getText(): null

2018-11-22 14:37:19 - [TEST_STEP][PASSED] - Statement - println("Cell value of row : " + row + " and cell " + column + " is " + cell_text): null

2018-11-22 14:37:19 - [TEST_STEP][FAILED] - verifyMatch: Unable to verify match between actual text 'London' and expected text 'Edinburgh' (Root cause: Actual text 'London' and expected text 'Edinburgh' are not matched)

2018-11-22 14:37:19 - [MESSAGE][FAILED] - Unable to verify match between actual text 'London' and expected text 'Edinburgh' (Root cause: Actual text 'London' and expected text 'Edinburgh' are not matched)

2018-11-22 14:37:19 - [TEST_STEP][PASSED] - Statement - cell_text = column_table.get(column).getText(): null

2018-11-22 14:37:19 - [TEST_STEP][PASSED] - Statement - println("Cell value of row : " + row + " and cell " + column + " is " + cell_text): null

2018-11-22 14:37:19 - [TEST_STEP][FAILED] - verifyMatch: Unable to verify match between actual text '41' and expected text '22' (Root cause: Actual text '41' and expected text '22' are not matched)

2018-11-22 14:37:19 - [MESSAGE][FAILED] - Unable to verify match between actual text '41' and expected text '22' (Root cause: Actual text '41' and expected text '22' are not matched)

2018-11-22 14:37:19 - [TEST_STEP][PASSED] - Statement - cell_text = column_table.get(column).getText(): null

2018-11-22 14:37:19 - [TEST_STEP][PASSED] - Statement - println("Cell value of row : " + row + " and cell " + column + " is " + cell_text): null

2018-11-22 14:37:19 - [TEST_STEP][FAILED] - verifyMatch: Unable to verify match between actual text '2012/10/13' and expected text '2012/03/29' (Root cause: Actual text '2012/10/13' and expected text '2012/03/29' are not matched)

2018-11-22 14:37:19 - [MESSAGE][FAILED] - Unable to verify match between actual text '2012/10/13' and expected text '2012/03/29' (Root cause: Actual text '2012/10/13' and expected text '2012/03/29' are not matched)

2018-11-22 14:37:19 - [TEST_STEP][PASSED] - Statement - cell_text = column_table.get(column).getText(): null

2018-11-22 14:37:19 - [TEST_STEP][PASSED] - Statement - println("Cell value of row : " + row + " and cell " + column + " is " + cell_text): null

2018-11-22 14:37:19 - [TEST_STEP][FAILED] - verifyMatch: Unable to verify match between actual text '$132,000' and expected text '$433,060' (Root cause: Actual text '$132,000' and expected text '$433,060' are not matched)

2018-11-22 14:37:19 - [MESSAGE][FAILED] - Unable to verify match between actual text '$132,000' and expected text '$433,060' (Root cause: Actual text '$132,000' and expected text '$433,060' are not matched)

2018-11-22 14:37:19 - [TEST_STEP][PASSED] - Statement - (row_data_table++): null

2018-11-22 14:37:19 - [TEST_STEP][PASSED] - Statement - println((row_data_table++)): null

2018-11-22 14:37:19 - [TEST_STEP][PASSED] - Statement - column_table = row_table.get(row).findElements(org.openqa.selenium.By.tagName("td")): null

2018-11-22 14:37:20 - [TEST_STEP][PASSED] - Statement - column_count = column_table.size(): null

2018-11-22 14:37:20 - [TEST_STEP][PASSED] - Statement - println("No of cell in rows : " + row + " are " + column_count): null

2018-11-22 14:37:20 - [TEST_STEP][FAILED] - Statement - For ([column = 0, column < column_count, (column++)]): Unable to verify match between actual text '$206,850' and expected text '$205,500' (Root cause: Actual text '$206,850' and expected text '$205,500' are not matched)

2018-11-22 14:37:20 - [TEST_STEP][PASSED] - Statement - cell_text = column_table.get(column).getText(): null

2018-11-22 14:37:20 - [TEST_STEP][PASSED] - Statement - println("Cell value of row : " + row + " and cell " + column + " is " + cell_text): null

2018-11-22 14:37:20 - [TEST_STEP][FAILED] - verifyMatch: Unable to verify match between actual text 'Brenden Wagner' and expected text 'Colleen Hurst' (Root cause: Actual text 'Brenden Wagner' and expected text 'Colleen Hurst' are not matched)

2018-11-22 14:37:20 - [MESSAGE][FAILED] - Unable to verify match between actual text 'Brenden Wagner' and expected text 'Colleen Hurst' (Root cause: Actual text 'Brenden Wagner' and expected text 'Colleen Hurst' are not matched)

2018-11-22 14:37:20 - [TEST_STEP][PASSED] - Statement - cell_text = column_table.get(column).getText(): null

2018-11-22 14:37:20 - [TEST_STEP][PASSED] - Statement - println("Cell value of row : " + row + " and cell " + column + " is " + cell_text): null

2018-11-22 14:37:20 - [TEST_STEP][FAILED] - verifyMatch: Unable to verify match between actual text 'Software Engineer' and expected text 'Javascript Developer' (Root cause: Actual text 'Software Engineer' and expected text 'Javascript Developer' are not matched)

2018-11-22 14:37:20 - [MESSAGE][FAILED] - Unable to verify match between actual text 'Software Engineer' and expected text 'Javascript Developer' (Root cause: Actual text 'Software Engineer' and expected text 'Javascript Developer' are not matched)

2018-11-22 14:37:20 - [TEST_STEP][PASSED] - Statement - cell_text = column_table.get(column).getText(): null

2018-11-22 14:37:20 - [TEST_STEP][PASSED] - Statement - println("Cell value of row : " + row + " and cell " + column + " is " + cell_text): null

2018-11-22 14:37:20 - [TEST_STEP][PASSED] - verifyMatch: Actual text 'San Francisco' and expected text 'San Francisco' are matched 

2018-11-22 14:37:20 - [MESSAGE][PASSED] - Actual text 'San Francisco' and expected text 'San Francisco' are matched 

2018-11-22 14:37:20 - [TEST_STEP][PASSED] - Statement - cell_text = column_table.get(column).getText(): null

2018-11-22 14:37:20 - [TEST_STEP][PASSED] - Statement - println("Cell value of row : " + row + " and cell " + column + " is " + cell_text): null

2018-11-22 14:37:20 - [TEST_STEP][FAILED] - verifyMatch: Unable to verify match between actual text '28' and expected text '39' (Root cause: Actual text '28' and expected text '39' are not matched)

2018-11-22 14:37:20 - [MESSAGE][FAILED] - Unable to verify match between actual text '28' and expected text '39' (Root cause: Actual text '28' and expected text '39' are not matched)

2018-11-22 14:37:20 - [TEST_STEP][PASSED] - Statement - cell_text = column_table.get(column).getText(): null

2018-11-22 14:37:20 - [TEST_STEP][PASSED] - Statement - println("Cell value of row : " + row + " and cell " + column + " is " + cell_text): null

2018-11-22 14:37:20 - [TEST_STEP][FAILED] - verifyMatch: Unable to verify match between actual text '2011/06/07' and expected text '2009/09/15' (Root cause: Actual text '2011/06/07' and expected text '2009/09/15' are not matched)

2018-11-22 14:37:20 - [MESSAGE][FAILED] - Unable to verify match between actual text '2011/06/07' and expected text '2009/09/15' (Root cause: Actual text '2011/06/07' and expected text '2009/09/15' are not matched)

2018-11-22 14:37:20 - [TEST_STEP][PASSED] - Statement - cell_text = column_table.get(column).getText(): null

2018-11-22 14:37:21 - [TEST_STEP][PASSED] - Statement - println("Cell value of row : " + row + " and cell " + column + " is " + cell_text): null

2018-11-22 14:37:21 - [TEST_STEP][FAILED] - verifyMatch: Unable to verify match between actual text '$206,850' and expected text '$205,500' (Root cause: Actual text '$206,850' and expected text '$205,500' are not matched)

2018-11-22 14:37:21 - [MESSAGE][FAILED] - Unable to verify match between actual text '$206,850' and expected text '$205,500' (Root cause: Actual text '$206,850' and expected text '$205,500' are not matched)

2018-11-22 14:37:21 - [TEST_STEP][PASSED] - Statement - (row_data_table++): null

2018-11-22 14:37:21 - [TEST_STEP][PASSED] - Statement - println((row_data_table++)): null

2018-11-22 14:37:21 - [TEST_STEP][PASSED] - Statement - column_table = row_table.get(row).findElements(org.openqa.selenium.By.tagName("td")): null

2018-11-22 14:37:21 - [TEST_STEP][PASSED] - Statement - column_count = column_table.size(): null

2018-11-22 14:37:21 - [TEST_STEP][PASSED] - Statement - println("No of cell in rows : " + row + " are " + column_count): null

2018-11-22 14:37:21 - [TEST_STEP][FAILED] - Statement - For ([column = 0, column < column_count, (column++)]): Unable to verify match between actual text '$372,000' and expected text '$85,600' (Root cause: Actual text '$372,000' and expected text '$85,600' are not matched)

2018-11-22 14:37:21 - [TEST_STEP][PASSED] - Statement - cell_text = column_table.get(column).getText(): null

2018-11-22 14:37:21 - [TEST_STEP][PASSED] - Statement - println("Cell value of row : " + row + " and cell " + column + " is " + cell_text): null

2018-11-22 14:37:21 - [TEST_STEP][FAILED] - verifyMatch: Unable to verify match between actual text 'Brielle Williamson' and expected text 'Doris Wilder' (Root cause: Actual text 'Brielle Williamson' and expected text 'Doris Wilder' are not matched)

2018-11-22 14:37:21 - [MESSAGE][FAILED] - Unable to verify match between actual text 'Brielle Williamson' and expected text 'Doris Wilder' (Root cause: Actual text 'Brielle Williamson' and expected text 'Doris Wilder' are not matched)

2018-11-22 14:37:21 - [TEST_STEP][PASSED] - Statement - cell_text = column_table.get(column).getText(): null

2018-11-22 14:37:21 - [TEST_STEP][PASSED] - Statement - println("Cell value of row : " + row + " and cell " + column + " is " + cell_text): null

2018-11-22 14:37:21 - [TEST_STEP][FAILED] - verifyMatch: Unable to verify match between actual text 'Integration Specialist' and expected text 'Sales Assistant' (Root cause: Actual text 'Integration Specialist' and expected text 'Sales Assistant' are not matched)

2018-11-22 14:37:21 - [MESSAGE][FAILED] - Unable to verify match between actual text 'Integration Specialist' and expected text 'Sales Assistant' (Root cause: Actual text 'Integration Specialist' and expected text 'Sales Assistant' are not matched)

2018-11-22 14:37:21 - [TEST_STEP][PASSED] - Statement - cell_text = column_table.get(column).getText(): null

2018-11-22 14:37:21 - [TEST_STEP][PASSED] - Statement - println("Cell value of row : " + row + " and cell " + column + " is " + cell_text): null

2018-11-22 14:37:21 - [TEST_STEP][FAILED] - verifyMatch: Unable to verify match between actual text 'New York' and expected text 'Sidney' (Root cause: Actual text 'New York' and expected text 'Sidney' are not matched)

2018-11-22 14:37:21 - [MESSAGE][FAILED] - Unable to verify match between actual text 'New York' and expected text 'Sidney' (Root cause: Actual text 'New York' and expected text 'Sidney' are not matched)

2018-11-22 14:37:21 - [TEST_STEP][PASSED] - Statement - cell_text = column_table.get(column).getText(): null

2018-11-22 14:37:21 - [TEST_STEP][PASSED] - Statement - println("Cell value of row : " + row + " and cell " + column + " is " + cell_text): null

2018-11-22 14:37:21 - [TEST_STEP][FAILED] - verifyMatch: Unable to verify match between actual text '61' and expected text '23' (Root cause: Actual text '61' and expected text '23' are not matched)

2018-11-22 14:37:22 - [MESSAGE][FAILED] - Unable to verify match between actual text '61' and expected text '23' (Root cause: Actual text '61' and expected text '23' are not matched)

2018-11-22 14:37:22 - [TEST_STEP][PASSED] - Statement - cell_text = column_table.get(column).getText(): null

2018-11-22 14:37:22 - [TEST_STEP][PASSED] - Statement - println("Cell value of row : " + row + " and cell " + column + " is " + cell_text): null

2018-11-22 14:37:22 - [TEST_STEP][FAILED] - verifyMatch: Unable to verify match between actual text '2012/12/02' and expected text '2010/09/20' (Root cause: Actual text '2012/12/02' and expected text '2010/09/20' are not matched)

2018-11-22 14:37:22 - [MESSAGE][FAILED] - Unable to verify match between actual text '2012/12/02' and expected text '2010/09/20' (Root cause: Actual text '2012/12/02' and expected text '2010/09/20' are not matched)

2018-11-22 14:37:22 - [TEST_STEP][PASSED] - Statement - cell_text = column_table.get(column).getText(): null

2018-11-22 14:37:22 - [TEST_STEP][PASSED] - Statement - println("Cell value of row : " + row + " and cell " + column + " is " + cell_text): null

2018-11-22 14:37:22 - [TEST_STEP][FAILED] - verifyMatch: Unable to verify match between actual text '$372,000' and expected text '$85,600' (Root cause: Actual text '$372,000' and expected text '$85,600' are not matched)

2018-11-22 14:37:22 - [MESSAGE][FAILED] - Unable to verify match between actual text '$372,000' and expected text '$85,600' (Root cause: Actual text '$372,000' and expected text '$85,600' are not matched)

2018-11-22 14:37:22 - [TEST_STEP][PASSED] - Statement - (row_data_table++): null

2018-11-22 14:37:22 - [TEST_STEP][PASSED] - Statement - println((row_data_table++)): null

2018-11-22 14:37:22 - [TEST_STEP][PASSED] - Statement - column_table = row_table.get(row).findElements(org.openqa.selenium.By.tagName("td")): null

2018-11-22 14:37:22 - [TEST_STEP][PASSED] - Statement - column_count = column_table.size(): null

2018-11-22 14:37:22 - [TEST_STEP][PASSED] - Statement - println("No of cell in rows : " + row + " are " + column_count): null

2018-11-22 14:37:22 - [TEST_STEP][FAILED] - Statement - For ([column = 0, column < column_count, (column++)]): Unable to verify match between actual text '$106,450' and expected text '$170,750' (Root cause: Actual text '$106,450' and expected text '$170,750' are not matched)

2018-11-22 14:37:22 - [TEST_STEP][PASSED] - Statement - cell_text = column_table.get(column).getText(): null

2018-11-22 14:37:22 - [TEST_STEP][PASSED] - Statement - println("Cell value of row : " + row + " and cell " + column + " is " + cell_text): null

2018-11-22 14:37:22 - [TEST_STEP][FAILED] - verifyMatch: Unable to verify match between actual text 'Caesar Vance' and expected text 'Garrett Winters' (Root cause: Actual text 'Caesar Vance' and expected text 'Garrett Winters' are not matched)

2018-11-22 14:37:23 - [MESSAGE][FAILED] - Unable to verify match between actual text 'Caesar Vance' and expected text 'Garrett Winters' (Root cause: Actual text 'Caesar Vance' and expected text 'Garrett Winters' are not matched)

2018-11-22 14:37:23 - [TEST_STEP][PASSED] - Statement - cell_text = column_table.get(column).getText(): null

2018-11-22 14:37:23 - [TEST_STEP][PASSED] - Statement - println("Cell value of row : " + row + " and cell " + column + " is " + cell_text): null

2018-11-22 14:37:23 - [TEST_STEP][FAILED] - verifyMatch: Unable to verify match between actual text 'Pre-Sales Support' and expected text 'Accountant' (Root cause: Actual text 'Pre-Sales Support' and expected text 'Accountant' are not matched)

2018-11-22 14:37:23 - [MESSAGE][FAILED] - Unable to verify match between actual text 'Pre-Sales Support' and expected text 'Accountant' (Root cause: Actual text 'Pre-Sales Support' and expected text 'Accountant' are not matched)

2018-11-22 14:37:23 - [TEST_STEP][PASSED] - Statement - cell_text = column_table.get(column).getText(): null

2018-11-22 14:37:24 - [TEST_STEP][PASSED] - Statement - println("Cell value of row : " + row + " and cell " + column + " is " + cell_text): null

2018-11-22 14:37:24 - [TEST_STEP][FAILED] - verifyMatch: Unable to verify match between actual text 'New York' and expected text 'Tokyo' (Root cause: Actual text 'New York' and expected text 'Tokyo' are not matched)

2018-11-22 14:37:24 - [MESSAGE][FAILED] - Unable to verify match between actual text 'New York' and expected text 'Tokyo' (Root cause: Actual text 'New York' and expected text 'Tokyo' are not matched)

2018-11-22 14:37:24 - [TEST_STEP][PASSED] - Statement - cell_text = column_table.get(column).getText(): null

2018-11-22 14:37:24 - [TEST_STEP][PASSED] - Statement - println("Cell value of row : " + row + " and cell " + column + " is " + cell_text): null

2018-11-22 14:37:24 - [TEST_STEP][FAILED] - verifyMatch: Unable to verify match between actual text '21' and expected text '63' (Root cause: Actual text '21' and expected text '63' are not matched)

2018-11-22 14:37:24 - [MESSAGE][FAILED] - Unable to verify match between actual text '21' and expected text '63' (Root cause: Actual text '21' and expected text '63' are not matched)

2018-11-22 14:37:24 - [TEST_STEP][PASSED] - Statement - cell_text = column_table.get(column).getText(): null

2018-11-22 14:37:24 - [TEST_STEP][PASSED] - Statement - println("Cell value of row : " + row + " and cell " + column + " is " + cell_text): null

2018-11-22 14:37:24 - [TEST_STEP][FAILED] - verifyMatch: Unable to verify match between actual text '2011/12/12' and expected text '2011/07/25' (Root cause: Actual text '2011/12/12' and expected text '2011/07/25' are not matched)

2018-11-22 14:37:25 - [MESSAGE][FAILED] - Unable to verify match between actual text '2011/12/12' and expected text '2011/07/25' (Root cause: Actual text '2011/12/12' and expected text '2011/07/25' are not matched)

2018-11-22 14:37:25 - [TEST_STEP][PASSED] - Statement - cell_text = column_table.get(column).getText(): null

2018-11-22 14:37:25 - [TEST_STEP][PASSED] - Statement - println("Cell value of row : " + row + " and cell " + column + " is " + cell_text): null

2018-11-22 14:37:25 - [TEST_STEP][FAILED] - verifyMatch: Unable to verify match between actual text '$106,450' and expected text '$170,750' (Root cause: Actual text '$106,450' and expected text '$170,750' are not matched)

2018-11-22 14:37:25 - [MESSAGE][FAILED] - Unable to verify match between actual text '$106,450' and expected text '$170,750' (Root cause: Actual text '$106,450' and expected text '$170,750' are not matched)

2018-11-22 14:37:25 - [TEST_STEP][PASSED] - Statement - (row_data_table++): null

2018-11-22 14:37:25 - [TEST_STEP][PASSED] - Statement - println((row_data_table++)): null

2018-11-22 14:37:25 - [TEST_STEP][PASSED] - Statement - column_table = row_table.get(row).findElements(org.openqa.selenium.By.tagName("td")): null

2018-11-22 14:37:25 - [TEST_STEP][PASSED] - Statement - column_count = column_table.size(): null

2018-11-22 14:37:25 - [TEST_STEP][PASSED] - Statement - println("No of cell in rows : " + row + " are " + column_count): null

2018-11-22 14:37:25 - [TEST_STEP][FAILED] - Statement - For ([column = 0, column < column_count, (column++)]): Unable to verify match between actual text '$433,060' and expected text '$237,500' (Root cause: Actual text '$433,060' and expected text '$237,500' are not matched)

2018-11-22 14:37:25 - [TEST_STEP][PASSED] - Statement - cell_text = column_table.get(column).getText(): null

2018-11-22 14:37:25 - [TEST_STEP][PASSED] - Statement - println("Cell value of row : " + row + " and cell " + column + " is " + cell_text): null

2018-11-22 14:37:25 - [TEST_STEP][FAILED] - verifyMatch: Unable to verify match between actual text 'Cedric Kelly' and expected text 'Gloria Little' (Root cause: Actual text 'Cedric Kelly' and expected text 'Gloria Little' are not matched)

2018-11-22 14:37:25 - [MESSAGE][FAILED] - Unable to verify match between actual text 'Cedric Kelly' and expected text 'Gloria Little' (Root cause: Actual text 'Cedric Kelly' and expected text 'Gloria Little' are not matched)

2018-11-22 14:37:25 - [TEST_STEP][PASSED] - Statement - cell_text = column_table.get(column).getText(): null

2018-11-22 14:37:26 - [TEST_STEP][PASSED] - Statement - println("Cell value of row : " + row + " and cell " + column + " is " + cell_text): null

2018-11-22 14:37:26 - [TEST_STEP][FAILED] - verifyMatch: Unable to verify match between actual text 'Senior Javascript Developer' and expected text 'Systems Administrator' (Root cause: Actual text 'Senior Javascript Developer' and expected text 'Systems Administrator' are not matched)

2018-11-22 14:37:26 - [MESSAGE][FAILED] - Unable to verify match between actual text 'Senior Javascript Developer' and expected text 'Systems Administrator' (Root cause: Actual text 'Senior Javascript Developer' and expected text 'Systems Administrator' are not matched)

2018-11-22 14:37:26 - [TEST_STEP][PASSED] - Statement - cell_text = column_table.get(column).getText(): null

2018-11-22 14:37:26 - [TEST_STEP][PASSED] - Statement - println("Cell value of row : " + row + " and cell " + column + " is " + cell_text): null

2018-11-22 14:37:26 - [TEST_STEP][FAILED] - verifyMatch: Unable to verify match between actual text 'Edinburgh' and expected text 'New York' (Root cause: Actual text 'Edinburgh' and expected text 'New York' are not matched)

2018-11-22 14:37:26 - [MESSAGE][FAILED] - Unable to verify match between actual text 'Edinburgh' and expected text 'New York' (Root cause: Actual text 'Edinburgh' and expected text 'New York' are not matched)

2018-11-22 14:37:26 - [TEST_STEP][PASSED] - Statement - cell_text = column_table.get(column).getText(): null

2018-11-22 14:37:26 - [TEST_STEP][PASSED] - Statement - println("Cell value of row : " + row + " and cell " + column + " is " + cell_text): null

2018-11-22 14:37:26 - [TEST_STEP][FAILED] - verifyMatch: Unable to verify match between actual text '22' and expected text '59' (Root cause: Actual text '22' and expected text '59' are not matched)

2018-11-22 14:37:26 - [MESSAGE][FAILED] - Unable to verify match between actual text '22' and expected text '59' (Root cause: Actual text '22' and expected text '59' are not matched)

2018-11-22 14:37:26 - [TEST_STEP][PASSED] - Statement - cell_text = column_table.get(column).getText(): null

2018-11-22 14:37:26 - [TEST_STEP][PASSED] - Statement - println("Cell value of row : " + row + " and cell " + column + " is " + cell_text): null

2018-11-22 14:37:26 - [TEST_STEP][FAILED] - verifyMatch: Unable to verify match between actual text '2012/03/29' and expected text '2009/04/10' (Root cause: Actual text '2012/03/29' and expected text '2009/04/10' are not matched)

2018-11-22 14:37:27 - [MESSAGE][FAILED] - Unable to verify match between actual text '2012/03/29' and expected text '2009/04/10' (Root cause: Actual text '2012/03/29' and expected text '2009/04/10' are not matched)

2018-11-22 14:37:27 - [TEST_STEP][PASSED] - Statement - cell_text = column_table.get(column).getText(): null

2018-11-22 14:37:27 - [TEST_STEP][PASSED] - Statement - println("Cell value of row : " + row + " and cell " + column + " is " + cell_text): null

2018-11-22 14:37:27 - [TEST_STEP][FAILED] - verifyMatch: Unable to verify match between actual text '$433,060' and expected text '$237,500' (Root cause: Actual text '$433,060' and expected text '$237,500' are not matched)

2018-11-22 14:37:27 - [MESSAGE][FAILED] - Unable to verify match between actual text '$433,060' and expected text '$237,500' (Root cause: Actual text '$433,060' and expected text '$237,500' are not matched)

2018-11-22 14:37:27 - [TEST_STEP][PASSED] - Statement - (row_data_table++): null

2018-11-22 14:37:27 - [TEST_STEP][PASSED] - Statement - println((row_data_table++)): null

2018-11-22 14:37:27 - [TEST_STEP][PASSED] - Statement - column_table = row_table.get(row).findElements(org.openqa.selenium.By.tagName("td")): null

2018-11-22 14:37:27 - [TEST_STEP][PASSED] - Statement - column_count = column_table.size(): null

2018-11-22 14:37:27 - [TEST_STEP][PASSED] - Statement - println("No of cell in rows : " + row + " are " + column_count): null

2018-11-22 14:37:27 - [TEST_STEP][FAILED] - Statement - For ([column = 0, column < column_count, (column++)]): Unable to verify match between actual text '$470,600' and expected text '$137,500' (Root cause: Actual text '$470,600' and expected text '$137,500' are not matched)

2018-11-22 14:37:27 - [TEST_STEP][PASSED] - Statement - cell_text = column_table.get(column).getText(): null

2018-11-22 14:37:27 - [TEST_STEP][PASSED] - Statement - println("Cell value of row : " + row + " and cell " + column + " is " + cell_text): null

2018-11-22 14:37:27 - [TEST_STEP][FAILED] - verifyMatch: Unable to verify match between actual text 'Charde Marshall' and expected text 'Herrod Chandler' (Root cause: Actual text 'Charde Marshall' and expected text 'Herrod Chandler' are not matched)

2018-11-22 14:37:27 - [MESSAGE][FAILED] - Unable to verify match between actual text 'Charde Marshall' and expected text 'Herrod Chandler' (Root cause: Actual text 'Charde Marshall' and expected text 'Herrod Chandler' are not matched)

2018-11-22 14:37:27 - [TEST_STEP][PASSED] - Statement - cell_text = column_table.get(column).getText(): null

2018-11-22 14:37:28 - [TEST_STEP][PASSED] - Statement - println("Cell value of row : " + row + " and cell " + column + " is " + cell_text): null

2018-11-22 14:37:28 - [TEST_STEP][FAILED] - verifyMatch: Unable to verify match between actual text 'Regional Director' and expected text 'Sales Assistant' (Root cause: Actual text 'Regional Director' and expected text 'Sales Assistant' are not matched)

2018-11-22 14:37:28 - [MESSAGE][FAILED] - Unable to verify match between actual text 'Regional Director' and expected text 'Sales Assistant' (Root cause: Actual text 'Regional Director' and expected text 'Sales Assistant' are not matched)

2018-11-22 14:37:28 - [TEST_STEP][PASSED] - Statement - cell_text = column_table.get(column).getText(): null

2018-11-22 14:37:28 - [TEST_STEP][PASSED] - Statement - println("Cell value of row : " + row + " and cell " + column + " is " + cell_text): null

2018-11-22 14:37:28 - [TEST_STEP][PASSED] - verifyMatch: Actual text 'San Francisco' and expected text 'San Francisco' are matched 

2018-11-22 14:37:28 - [MESSAGE][PASSED] - Actual text 'San Francisco' and expected text 'San Francisco' are matched 

2018-11-22 14:37:28 - [TEST_STEP][PASSED] - Statement - cell_text = column_table.get(column).getText(): null

2018-11-22 14:37:28 - [TEST_STEP][PASSED] - Statement - println("Cell value of row : " + row + " and cell " + column + " is " + cell_text): null

2018-11-22 14:37:28 - [TEST_STEP][FAILED] - verifyMatch: Unable to verify match between actual text '36' and expected text '59' (Root cause: Actual text '36' and expected text '59' are not matched)

2018-11-22 14:37:29 - [MESSAGE][FAILED] - Unable to verify match between actual text '36' and expected text '59' (Root cause: Actual text '36' and expected text '59' are not matched)

2018-11-22 14:37:29 - [TEST_STEP][PASSED] - Statement - cell_text = column_table.get(column).getText(): null

2018-11-22 14:37:29 - [TEST_STEP][PASSED] - Statement - println("Cell value of row : " + row + " and cell " + column + " is " + cell_text): null

2018-11-22 14:37:29 - [TEST_STEP][FAILED] - verifyMatch: Unable to verify match between actual text '2008/10/16' and expected text '2012/08/06' (Root cause: Actual text '2008/10/16' and expected text '2012/08/06' are not matched)

2018-11-22 14:37:29 - [MESSAGE][FAILED] - Unable to verify match between actual text '2008/10/16' and expected text '2012/08/06' (Root cause: Actual text '2008/10/16' and expected text '2012/08/06' are not matched)

2018-11-22 14:37:29 - [TEST_STEP][PASSED] - Statement - cell_text = column_table.get(column).getText(): null

2018-11-22 14:37:29 - [TEST_STEP][PASSED] - Statement - println("Cell value of row : " + row + " and cell " + column + " is " + cell_text): null

2018-11-22 14:37:29 - [TEST_STEP][FAILED] - verifyMatch: Unable to verify match between actual text '$470,600' and expected text '$137,500' (Root cause: Actual text '$470,600' and expected text '$137,500' are not matched)

2018-11-22 14:37:29 - [MESSAGE][FAILED] - Unable to verify match between actual text '$470,600' and expected text '$137,500' (Root cause: Actual text '$470,600' and expected text '$137,500' are not matched)

2018-11-22 14:37:29 - [TEST_STEP][PASSED] - Statement - (row_data_table++): null

2018-11-22 14:37:29 - [TEST_STEP][PASSED] - Statement - println((row_data_table++)): null

2018-11-22 14:37:29 - [TEST_STEP][PASSED] - Statement - column_table = row_table.get(row).findElements(org.openqa.selenium.By.tagName("td")): null

2018-11-22 14:37:29 - [TEST_STEP][PASSED] - Statement - column_count = column_table.size(): null

2018-11-22 14:37:29 - [TEST_STEP][PASSED] - Statement - println("No of cell in rows : " + row + " are " + column_count): null

2018-11-22 14:37:29 - [TEST_STEP][FAILED] - Statement - For ([column = 0, column < column_count, (column++)]): Unable to verify match between actual text '$205,500' and expected text '$345,000' (Root cause: Actual text '$205,500' and expected text '$345,000' are not matched)

2018-11-22 14:37:29 - [TEST_STEP][PASSED] - Statement - cell_text = column_table.get(column).getText(): null

2018-11-22 14:37:29 - [TEST_STEP][PASSED] - Statement - println("Cell value of row : " + row + " and cell " + column + " is " + cell_text): null

2018-11-22 14:37:29 - [TEST_STEP][FAILED] - verifyMatch: Unable to verify match between actual text 'Colleen Hurst' and expected text 'Jenette Caldwell' (Root cause: Actual text 'Colleen Hurst' and expected text 'Jenette Caldwell' are not matched)

2018-11-22 14:37:29 - [MESSAGE][FAILED] - Unable to verify match between actual text 'Colleen Hurst' and expected text 'Jenette Caldwell' (Root cause: Actual text 'Colleen Hurst' and expected text 'Jenette Caldwell' are not matched)

2018-11-22 14:37:29 - [TEST_STEP][PASSED] - Statement - cell_text = column_table.get(column).getText(): null

2018-11-22 14:37:30 - [TEST_STEP][PASSED] - Statement - println("Cell value of row : " + row + " and cell " + column + " is " + cell_text): null

2018-11-22 14:37:30 - [TEST_STEP][FAILED] - verifyMatch: Unable to verify match between actual text 'Javascript Developer' and expected text 'Development Lead' (Root cause: Actual text 'Javascript Developer' and expected text 'Development Lead' are not matched)

2018-11-22 14:37:30 - [MESSAGE][FAILED] - Unable to verify match between actual text 'Javascript Developer' and expected text 'Development Lead' (Root cause: Actual text 'Javascript Developer' and expected text 'Development Lead' are not matched)

2018-11-22 14:37:30 - [TEST_STEP][PASSED] - Statement - cell_text = column_table.get(column).getText(): null

2018-11-22 14:37:30 - [TEST_STEP][PASSED] - Statement - println("Cell value of row : " + row + " and cell " + column + " is " + cell_text): null

2018-11-22 14:37:30 - [TEST_STEP][FAILED] - verifyMatch: Unable to verify match between actual text 'San Francisco' and expected text 'New York' (Root cause: Actual text 'San Francisco' and expected text 'New York' are not matched)

2018-11-22 14:37:30 - [MESSAGE][FAILED] - Unable to verify match between actual text 'San Francisco' and expected text 'New York' (Root cause: Actual text 'San Francisco' and expected text 'New York' are not matched)

2018-11-22 14:37:30 - [TEST_STEP][PASSED] - Statement - cell_text = column_table.get(column).getText(): null

2018-11-22 14:37:30 - [TEST_STEP][PASSED] - Statement - println("Cell value of row : " + row + " and cell " + column + " is " + cell_text): null

2018-11-22 14:37:30 - [TEST_STEP][FAILED] - verifyMatch: Unable to verify match between actual text '39' and expected text '30' (Root cause: Actual text '39' and expected text '30' are not matched)

2018-11-22 14:37:30 - [MESSAGE][FAILED] - Unable to verify match between actual text '39' and expected text '30' (Root cause: Actual text '39' and expected text '30' are not matched)

2018-11-22 14:37:30 - [TEST_STEP][PASSED] - Statement - cell_text = column_table.get(column).getText(): null

2018-11-22 14:37:30 - [TEST_STEP][PASSED] - Statement - println("Cell value of row : " + row + " and cell " + column + " is " + cell_text): null

2018-11-22 14:37:30 - [TEST_STEP][FAILED] - verifyMatch: Unable to verify match between actual text '2009/09/15' and expected text '2011/09/03' (Root cause: Actual text '2009/09/15' and expected text '2011/09/03' are not matched)

2018-11-22 14:37:30 - [MESSAGE][FAILED] - Unable to verify match between actual text '2009/09/15' and expected text '2011/09/03' (Root cause: Actual text '2009/09/15' and expected text '2011/09/03' are not matched)

2018-11-22 14:37:30 - [TEST_STEP][PASSED] - Statement - cell_text = column_table.get(column).getText(): null

2018-11-22 14:37:30 - [TEST_STEP][PASSED] - Statement - println("Cell value of row : " + row + " and cell " + column + " is " + cell_text): null

2018-11-22 14:37:30 - [TEST_STEP][FAILED] - verifyMatch: Unable to verify match between actual text '$205,500' and expected text '$345,000' (Root cause: Actual text '$205,500' and expected text '$345,000' are not matched)

2018-11-22 14:37:30 - [MESSAGE][FAILED] - Unable to verify match between actual text '$205,500' and expected text '$345,000' (Root cause: Actual text '$205,500' and expected text '$345,000' are not matched)

2018-11-22 14:37:30 - [TEST_STEP][FAILED] - Statement - Try: Reading database data with query 'SELECT Name,Position,Office,Age,convert(varchar, StartDate, 111)as StartDate,'$' + replace(CONVERT(VARCHAR(100),CAST(Salary AS MONEY),1), '.00','') from Data_Table'

2018-11-22 14:37:30 - [TEST_STEP][PASSED] - Statement - element = driver.findElement(org.openqa.selenium.By.xpath(".//*[@id='example_paginate']/span/a[" + i + "]")).click(): null

2018-11-22 14:37:31 - [TEST_STEP][PASSED] - Statement - java.lang.Thread.sleep(2000): null

2018-11-22 14:37:33 - [TEST_STEP][PASSED] - Statement - row_table = driver.findElements(org.openqa.selenium.By.xpath(".//*[@id='example']/tbody/tr")): null

2018-11-22 14:37:33 - [TEST_STEP][PASSED] - Statement - row_count = row_table.size(): null

2018-11-22 14:37:33 - [TEST_STEP][PASSED] - Statement - println("No of rows are : " + row_count): null

2018-11-22 14:37:33 - [TEST_STEP][FAILED] - Statement - For ([row = 0, row < row_count, (row++)]): Reading database data with query 'SELECT Name,Position,Office,Age,convert(varchar, StartDate, 111)as StartDate,'$' + replace(CONVERT(VARCHAR(100),CAST(Salary AS MONEY),1), '.00','') from Data_Table'

2018-11-22 14:37:33 - [TEST_STEP][PASSED] - Statement - (row_data_table++): null

2018-11-22 14:37:33 - [TEST_STEP][PASSED] - Statement - println((row_data_table++)): null

2018-11-22 14:37:33 - [TEST_STEP][PASSED] - Statement - column_table = row_table.get(row).findElements(org.openqa.selenium.By.tagName("td")): null

2018-11-22 14:37:34 - [TEST_STEP][PASSED] - Statement - column_count = column_table.size(): null

2018-11-22 14:37:34 - [TEST_STEP][PASSED] - Statement - println("No of cell in rows : " + row + " are " + column_count): null

2018-11-22 14:37:34 - [TEST_STEP][FAILED] - Statement - For ([column = 0, column < column_count, (column++)]): Unable to verify match between actual text '$217,500' and expected text '$198,500' (Root cause: Actual text '$217,500' and expected text '$198,500' are not matched)

2018-11-22 14:37:34 - [TEST_STEP][PASSED] - Statement - cell_text = column_table.get(column).getText(): null

2018-11-22 14:37:34 - [TEST_STEP][PASSED] - Statement - println("Cell value of row : " + row + " and cell " + column + " is " + cell_text): null

2018-11-22 14:37:34 - [TEST_STEP][FAILED] - verifyMatch: Unable to verify match between actual text 'Dai Rios' and expected text 'Michael Silva' (Root cause: Actual text 'Dai Rios' and expected text 'Michael Silva' are not matched)

2018-11-22 14:37:34 - [MESSAGE][FAILED] - Unable to verify match between actual text 'Dai Rios' and expected text 'Michael Silva' (Root cause: Actual text 'Dai Rios' and expected text 'Michael Silva' are not matched)

2018-11-22 14:37:34 - [TEST_STEP][PASSED] - Statement - cell_text = column_table.get(column).getText(): null

2018-11-22 14:37:34 - [TEST_STEP][PASSED] - Statement - println("Cell value of row : " + row + " and cell " + column + " is " + cell_text): null

2018-11-22 14:37:34 - [TEST_STEP][FAILED] - verifyMatch: Unable to verify match between actual text 'Personnel Lead' and expected text 'Marketing Designer' (Root cause: Actual text 'Personnel Lead' and expected text 'Marketing Designer' are not matched)

2018-11-22 14:37:34 - [MESSAGE][FAILED] - Unable to verify match between actual text 'Personnel Lead' and expected text 'Marketing Designer' (Root cause: Actual text 'Personnel Lead' and expected text 'Marketing Designer' are not matched)

2018-11-22 14:37:34 - [TEST_STEP][PASSED] - Statement - cell_text = column_table.get(column).getText(): null

2018-11-22 14:37:35 - [TEST_STEP][PASSED] - Statement - println("Cell value of row : " + row + " and cell " + column + " is " + cell_text): null

2018-11-22 14:37:35 - [TEST_STEP][FAILED] - verifyMatch: Unable to verify match between actual text 'Edinburgh' and expected text 'London' (Root cause: Actual text 'Edinburgh' and expected text 'London' are not matched)

2018-11-22 14:37:35 - [MESSAGE][FAILED] - Unable to verify match between actual text 'Edinburgh' and expected text 'London' (Root cause: Actual text 'Edinburgh' and expected text 'London' are not matched)

2018-11-22 14:37:35 - [TEST_STEP][PASSED] - Statement - cell_text = column_table.get(column).getText(): null

2018-11-22 14:37:35 - [TEST_STEP][PASSED] - Statement - println("Cell value of row : " + row + " and cell " + column + " is " + cell_text): null

2018-11-22 14:37:35 - [TEST_STEP][FAILED] - verifyMatch: Unable to verify match between actual text '35' and expected text '66' (Root cause: Actual text '35' and expected text '66' are not matched)

2018-11-22 14:37:36 - [MESSAGE][FAILED] - Unable to verify match between actual text '35' and expected text '66' (Root cause: Actual text '35' and expected text '66' are not matched)

2018-11-22 14:37:36 - [TEST_STEP][PASSED] - Statement - cell_text = column_table.get(column).getText(): null

2018-11-22 14:37:36 - [TEST_STEP][PASSED] - Statement - println("Cell value of row : " + row + " and cell " + column + " is " + cell_text): null

2018-11-22 14:37:36 - [TEST_STEP][FAILED] - verifyMatch: Unable to verify match between actual text '2012/09/26' and expected text '2012/11/27' (Root cause: Actual text '2012/09/26' and expected text '2012/11/27' are not matched)

2018-11-22 14:37:36 - [MESSAGE][FAILED] - Unable to verify match between actual text '2012/09/26' and expected text '2012/11/27' (Root cause: Actual text '2012/09/26' and expected text '2012/11/27' are not matched)

2018-11-22 14:37:36 - [TEST_STEP][PASSED] - Statement - cell_text = column_table.get(column).getText(): null

2018-11-22 14:37:37 - [TEST_STEP][PASSED] - Statement - println("Cell value of row : " + row + " and cell " + column + " is " + cell_text): null

2018-11-22 14:37:37 - [TEST_STEP][FAILED] - verifyMatch: Unable to verify match between actual text '$217,500' and expected text '$198,500' (Root cause: Actual text '$217,500' and expected text '$198,500' are not matched)

2018-11-22 14:37:37 - [MESSAGE][FAILED] - Unable to verify match between actual text '$217,500' and expected text '$198,500' (Root cause: Actual text '$217,500' and expected text '$198,500' are not matched)

2018-11-22 14:37:37 - [TEST_STEP][PASSED] - Statement - (row_data_table++): null

2018-11-22 14:37:37 - [TEST_STEP][PASSED] - Statement - println((row_data_table++)): null

2018-11-22 14:37:37 - [TEST_STEP][PASSED] - Statement - column_table = row_table.get(row).findElements(org.openqa.selenium.By.tagName("td")): null

2018-11-22 14:37:37 - [TEST_STEP][PASSED] - Statement - column_count = column_table.size(): null

2018-11-22 14:37:37 - [TEST_STEP][PASSED] - Statement - println("No of cell in rows : " + row + " are " + column_count): null

2018-11-22 14:37:37 - [TEST_STEP][FAILED] - Statement - For ([column = 0, column < column_count, (column++)]): Unable to verify match between actual text '$85,600' and expected text '$725,000' (Root cause: Actual text '$85,600' and expected text '$725,000' are not matched)

2018-11-22 14:37:37 - [TEST_STEP][PASSED] - Statement - cell_text = column_table.get(column).getText(): null

2018-11-22 14:37:37 - [TEST_STEP][PASSED] - Statement - println("Cell value of row : " + row + " and cell " + column + " is " + cell_text): null

2018-11-22 14:37:37 - [TEST_STEP][FAILED] - verifyMatch: Unable to verify match between actual text 'Doris Wilder' and expected text 'Paul Byrd' (Root cause: Actual text 'Doris Wilder' and expected text 'Paul Byrd' are not matched)

2018-11-22 14:37:38 - [MESSAGE][FAILED] - Unable to verify match between actual text 'Doris Wilder' and expected text 'Paul Byrd' (Root cause: Actual text 'Doris Wilder' and expected text 'Paul Byrd' are not matched)

2018-11-22 14:37:38 - [TEST_STEP][PASSED] - Statement - cell_text = column_table.get(column).getText(): null

2018-11-22 14:37:39 - [TEST_STEP][PASSED] - Statement - println("Cell value of row : " + row + " and cell " + column + " is " + cell_text): null

2018-11-22 14:37:39 - [TEST_STEP][FAILED] - verifyMatch: Unable to verify match between actual text 'Sales Assistant' and expected text 'Chief Financial Officer (CFO)' (Root cause: Actual text 'Sales Assistant' and expected text 'Chief Financial Officer (CFO)' are not matched)

2018-11-22 14:37:39 - [MESSAGE][FAILED] - Unable to verify match between actual text 'Sales Assistant' and expected text 'Chief Financial Officer (CFO)' (Root cause: Actual text 'Sales Assistant' and expected text 'Chief Financial Officer (CFO)' are not matched)

2018-11-22 14:37:39 - [TEST_STEP][PASSED] - Statement - cell_text = column_table.get(column).getText(): null

2018-11-22 14:37:39 - [TEST_STEP][PASSED] - Statement - println("Cell value of row : " + row + " and cell " + column + " is " + cell_text): null

2018-11-22 14:37:39 - [TEST_STEP][FAILED] - verifyMatch: Unable to verify match between actual text 'Sidney' and expected text 'New York' (Root cause: Actual text 'Sidney' and expected text 'New York' are not matched)

2018-11-22 14:37:39 - [MESSAGE][FAILED] - Unable to verify match between actual text 'Sidney' and expected text 'New York' (Root cause: Actual text 'Sidney' and expected text 'New York' are not matched)

2018-11-22 14:37:39 - [TEST_STEP][PASSED] - Statement - cell_text = column_table.get(column).getText(): null

2018-11-22 14:37:39 - [TEST_STEP][PASSED] - Statement - println("Cell value of row : " + row + " and cell " + column + " is " + cell_text): null

2018-11-22 14:37:39 - [TEST_STEP][FAILED] - verifyMatch: Unable to verify match between actual text '23' and expected text '64' (Root cause: Actual text '23' and expected text '64' are not matched)

2018-11-22 14:37:40 - [MESSAGE][FAILED] - Unable to verify match between actual text '23' and expected text '64' (Root cause: Actual text '23' and expected text '64' are not matched)

2018-11-22 14:37:40 - [TEST_STEP][PASSED] - Statement - cell_text = column_table.get(column).getText(): null

2018-11-22 14:37:40 - [TEST_STEP][PASSED] - Statement - println("Cell value of row : " + row + " and cell " + column + " is " + cell_text): null

2018-11-22 14:37:40 - [TEST_STEP][FAILED] - verifyMatch: Unable to verify match between actual text '2010/09/20' and expected text '2010/06/09' (Root cause: Actual text '2010/09/20' and expected text '2010/06/09' are not matched)

2018-11-22 14:37:40 - [MESSAGE][FAILED] - Unable to verify match between actual text '2010/09/20' and expected text '2010/06/09' (Root cause: Actual text '2010/09/20' and expected text '2010/06/09' are not matched)

2018-11-22 14:37:40 - [TEST_STEP][PASSED] - Statement - cell_text = column_table.get(column).getText(): null

2018-11-22 14:37:40 - [TEST_STEP][PASSED] - Statement - println("Cell value of row : " + row + " and cell " + column + " is " + cell_text): null

2018-11-22 14:37:40 - [TEST_STEP][FAILED] - verifyMatch: Unable to verify match between actual text '$85,600' and expected text '$725,000' (Root cause: Actual text '$85,600' and expected text '$725,000' are not matched)

2018-11-22 14:37:40 - [MESSAGE][FAILED] - Unable to verify match between actual text '$85,600' and expected text '$725,000' (Root cause: Actual text '$85,600' and expected text '$725,000' are not matched)

2018-11-22 14:37:40 - [TEST_STEP][PASSED] - Statement - (row_data_table++): null

2018-11-22 14:37:40 - [TEST_STEP][PASSED] - Statement - println((row_data_table++)): null

2018-11-22 14:37:40 - [TEST_STEP][PASSED] - Statement - column_table = row_table.get(row).findElements(org.openqa.selenium.By.tagName("td")): null

2018-11-22 14:37:40 - [TEST_STEP][PASSED] - Statement - column_count = column_table.size(): null

2018-11-22 14:37:40 - [TEST_STEP][PASSED] - Statement - println("No of cell in rows : " + row + " are " + column_count): null

2018-11-22 14:37:40 - [TEST_STEP][FAILED] - Statement - For ([column = 0, column < column_count, (column++)]): Unable to verify match between actual text '$850,000' and expected text '$327,900' (Root cause: Actual text '$850,000' and expected text '$327,900' are not matched)

2018-11-22 14:37:40 - [TEST_STEP][PASSED] - Statement - cell_text = column_table.get(column).getText(): null

2018-11-22 14:37:40 - [TEST_STEP][PASSED] - Statement - println("Cell value of row : " + row + " and cell " + column + " is " + cell_text): null

2018-11-22 14:37:40 - [TEST_STEP][FAILED] - verifyMatch: Unable to verify match between actual text 'Fiona Green' and expected text 'Rhona Davidson' (Root cause: Actual text 'Fiona Green' and expected text 'Rhona Davidson' are not matched)

2018-11-22 14:37:40 - [MESSAGE][FAILED] - Unable to verify match between actual text 'Fiona Green' and expected text 'Rhona Davidson' (Root cause: Actual text 'Fiona Green' and expected text 'Rhona Davidson' are not matched)

2018-11-22 14:37:40 - [TEST_STEP][PASSED] - Statement - cell_text = column_table.get(column).getText(): null

2018-11-22 14:37:40 - [TEST_STEP][PASSED] - Statement - println("Cell value of row : " + row + " and cell " + column + " is " + cell_text): null

2018-11-22 14:37:40 - [TEST_STEP][FAILED] - verifyMatch: Unable to verify match between actual text 'Chief Operating Officer (COO)' and expected text 'Integration Specialist' (Root cause: Actual text 'Chief Operating Officer (COO)' and expected text 'Integration Specialist' are not matched)

2018-11-22 14:37:41 - [MESSAGE][FAILED] - Unable to verify match between actual text 'Chief Operating Officer (COO)' and expected text 'Integration Specialist' (Root cause: Actual text 'Chief Operating Officer (COO)' and expected text 'Integration Specialist' are not matched)

2018-11-22 14:37:41 - [TEST_STEP][PASSED] - Statement - cell_text = column_table.get(column).getText(): null

2018-11-22 14:37:41 - [TEST_STEP][PASSED] - Statement - println("Cell value of row : " + row + " and cell " + column + " is " + cell_text): null

2018-11-22 14:37:41 - [TEST_STEP][FAILED] - verifyMatch: Unable to verify match between actual text 'San Francisco' and expected text 'Tokyo' (Root cause: Actual text 'San Francisco' and expected text 'Tokyo' are not matched)

2018-11-22 14:37:41 - [MESSAGE][FAILED] - Unable to verify match between actual text 'San Francisco' and expected text 'Tokyo' (Root cause: Actual text 'San Francisco' and expected text 'Tokyo' are not matched)

2018-11-22 14:37:41 - [TEST_STEP][PASSED] - Statement - cell_text = column_table.get(column).getText(): null

2018-11-22 14:37:41 - [TEST_STEP][PASSED] - Statement - println("Cell value of row : " + row + " and cell " + column + " is " + cell_text): null

2018-11-22 14:37:41 - [TEST_STEP][FAILED] - verifyMatch: Unable to verify match between actual text '48' and expected text '55' (Root cause: Actual text '48' and expected text '55' are not matched)

2018-11-22 14:37:41 - [MESSAGE][FAILED] - Unable to verify match between actual text '48' and expected text '55' (Root cause: Actual text '48' and expected text '55' are not matched)

2018-11-22 14:37:41 - [TEST_STEP][PASSED] - Statement - cell_text = column_table.get(column).getText(): null

2018-11-22 14:37:41 - [TEST_STEP][PASSED] - Statement - println("Cell value of row : " + row + " and cell " + column + " is " + cell_text): null

2018-11-22 14:37:41 - [TEST_STEP][FAILED] - verifyMatch: Unable to verify match between actual text '2010/03/11' and expected text '2010/10/14' (Root cause: Actual text '2010/03/11' and expected text '2010/10/14' are not matched)

2018-11-22 14:37:41 - [MESSAGE][FAILED] - Unable to verify match between actual text '2010/03/11' and expected text '2010/10/14' (Root cause: Actual text '2010/03/11' and expected text '2010/10/14' are not matched)

2018-11-22 14:37:41 - [TEST_STEP][PASSED] - Statement - cell_text = column_table.get(column).getText(): null

2018-11-22 14:37:41 - [TEST_STEP][PASSED] - Statement - println("Cell value of row : " + row + " and cell " + column + " is " + cell_text): null

2018-11-22 14:37:41 - [TEST_STEP][FAILED] - verifyMatch: Unable to verify match between actual text '$850,000' and expected text '$327,900' (Root cause: Actual text '$850,000' and expected text '$327,900' are not matched)

2018-11-22 14:37:41 - [MESSAGE][FAILED] - Unable to verify match between actual text '$850,000' and expected text '$327,900' (Root cause: Actual text '$850,000' and expected text '$327,900' are not matched)

2018-11-22 14:37:41 - [TEST_STEP][PASSED] - Statement - (row_data_table++): null

2018-11-22 14:37:41 - [TEST_STEP][PASSED] - Statement - println((row_data_table++)): null

2018-11-22 14:37:41 - [TEST_STEP][PASSED] - Statement - column_table = row_table.get(row).findElements(org.openqa.selenium.By.tagName("td")): null

2018-11-22 14:37:42 - [TEST_STEP][PASSED] - Statement - column_count = column_table.size(): null

2018-11-22 14:37:42 - [TEST_STEP][PASSED] - Statement - println("No of cell in rows : " + row + " are " + column_count): null

2018-11-22 14:37:42 - [TEST_STEP][FAILED] - Statement - For ([column = 0, column < column_count, (column++)]): Unable to verify match between actual text '$170,750' and expected text '$103,600' (Root cause: Actual text '$170,750' and expected text '$103,600' are not matched)

2018-11-22 14:37:42 - [TEST_STEP][PASSED] - Statement - cell_text = column_table.get(column).getText(): null

2018-11-22 14:37:42 - [TEST_STEP][PASSED] - Statement - println("Cell value of row : " + row + " and cell " + column + " is " + cell_text): null

2018-11-22 14:37:42 - [TEST_STEP][FAILED] - verifyMatch: Unable to verify match between actual text 'Garrett Winters' and expected text 'Sonya Frost' (Root cause: Actual text 'Garrett Winters' and expected text 'Sonya Frost' are not matched)

2018-11-22 14:37:43 - [MESSAGE][FAILED] - Unable to verify match between actual text 'Garrett Winters' and expected text 'Sonya Frost' (Root cause: Actual text 'Garrett Winters' and expected text 'Sonya Frost' are not matched)

2018-11-22 14:37:43 - [TEST_STEP][PASSED] - Statement - cell_text = column_table.get(column).getText(): null

2018-11-22 14:37:43 - [TEST_STEP][PASSED] - Statement - println("Cell value of row : " + row + " and cell " + column + " is " + cell_text): null

2018-11-22 14:37:43 - [TEST_STEP][FAILED] - verifyMatch: Unable to verify match between actual text 'Accountant' and expected text 'Software Engineer' (Root cause: Actual text 'Accountant' and expected text 'Software Engineer' are not matched)

2018-11-22 14:37:43 - [MESSAGE][FAILED] - Unable to verify match between actual text 'Accountant' and expected text 'Software Engineer' (Root cause: Actual text 'Accountant' and expected text 'Software Engineer' are not matched)

2018-11-22 14:37:43 - [TEST_STEP][PASSED] - Statement - cell_text = column_table.get(column).getText(): null

2018-11-22 14:37:43 - [TEST_STEP][PASSED] - Statement - println("Cell value of row : " + row + " and cell " + column + " is " + cell_text): null

2018-11-22 14:37:43 - [TEST_STEP][FAILED] - verifyMatch: Unable to verify match between actual text 'Tokyo' and expected text 'Edinburgh' (Root cause: Actual text 'Tokyo' and expected text 'Edinburgh' are not matched)

2018-11-22 14:37:44 - [MESSAGE][FAILED] - Unable to verify match between actual text 'Tokyo' and expected text 'Edinburgh' (Root cause: Actual text 'Tokyo' and expected text 'Edinburgh' are not matched)

2018-11-22 14:37:44 - [TEST_STEP][PASSED] - Statement - cell_text = column_table.get(column).getText(): null

2018-11-22 14:37:44 - [TEST_STEP][PASSED] - Statement - println("Cell value of row : " + row + " and cell " + column + " is " + cell_text): null

2018-11-22 14:37:44 - [TEST_STEP][FAILED] - verifyMatch: Unable to verify match between actual text '63' and expected text '23' (Root cause: Actual text '63' and expected text '23' are not matched)

2018-11-22 14:37:44 - [MESSAGE][FAILED] - Unable to verify match between actual text '63' and expected text '23' (Root cause: Actual text '63' and expected text '23' are not matched)

2018-11-22 14:37:44 - [TEST_STEP][PASSED] - Statement - cell_text = column_table.get(column).getText(): null

2018-11-22 14:37:44 - [TEST_STEP][PASSED] - Statement - println("Cell value of row : " + row + " and cell " + column + " is " + cell_text): null

2018-11-22 14:37:44 - [TEST_STEP][FAILED] - verifyMatch: Unable to verify match between actual text '2011/07/25' and expected text '2008/12/13' (Root cause: Actual text '2011/07/25' and expected text '2008/12/13' are not matched)

2018-11-22 14:37:44 - [MESSAGE][FAILED] - Unable to verify match between actual text '2011/07/25' and expected text '2008/12/13' (Root cause: Actual text '2011/07/25' and expected text '2008/12/13' are not matched)

2018-11-22 14:37:44 - [TEST_STEP][PASSED] - Statement - cell_text = column_table.get(column).getText(): null

2018-11-22 14:37:44 - [TEST_STEP][PASSED] - Statement - println("Cell value of row : " + row + " and cell " + column + " is " + cell_text): null

2018-11-22 14:37:44 - [TEST_STEP][FAILED] - verifyMatch: Unable to verify match between actual text '$170,750' and expected text '$103,600' (Root cause: Actual text '$170,750' and expected text '$103,600' are not matched)

2018-11-22 14:37:44 - [MESSAGE][FAILED] - Unable to verify match between actual text '$170,750' and expected text '$103,600' (Root cause: Actual text '$170,750' and expected text '$103,600' are not matched)

2018-11-22 14:37:44 - [TEST_STEP][PASSED] - Statement - (row_data_table++): null

2018-11-22 14:37:44 - [TEST_STEP][PASSED] - Statement - println((row_data_table++)): null

2018-11-22 14:37:44 - [TEST_STEP][PASSED] - Statement - column_table = row_table.get(row).findElements(org.openqa.selenium.By.tagName("td")): null

2018-11-22 14:37:44 - [TEST_STEP][PASSED] - Statement - column_count = column_table.size(): null

2018-11-22 14:37:44 - [TEST_STEP][PASSED] - Statement - println("No of cell in rows : " + row + " are " + column_count): null

2018-11-22 14:37:44 - [TEST_STEP][FAILED] - Statement - For ([column = 0, column < column_count, (column++)]): Unable to verify match between actual text '$92,575' and expected text '$320,800' (Root cause: Actual text '$92,575' and expected text '$320,800' are not matched)

2018-11-22 14:37:44 - [TEST_STEP][PASSED] - Statement - cell_text = column_table.get(column).getText(): null

2018-11-22 14:37:44 - [TEST_STEP][PASSED] - Statement - println("Cell value of row : " + row + " and cell " + column + " is " + cell_text): null

2018-11-22 14:37:44 - [TEST_STEP][FAILED] - verifyMatch: Unable to verify match between actual text 'Gavin Joyce' and expected text 'Tiger Nixon' (Root cause: Actual text 'Gavin Joyce' and expected text 'Tiger Nixon' are not matched)

2018-11-22 14:37:45 - [MESSAGE][FAILED] - Unable to verify match between actual text 'Gavin Joyce' and expected text 'Tiger Nixon' (Root cause: Actual text 'Gavin Joyce' and expected text 'Tiger Nixon' are not matched)

2018-11-22 14:37:45 - [TEST_STEP][PASSED] - Statement - cell_text = column_table.get(column).getText(): null

2018-11-22 14:37:45 - [TEST_STEP][PASSED] - Statement - println("Cell value of row : " + row + " and cell " + column + " is " + cell_text): null

2018-11-22 14:37:45 - [TEST_STEP][FAILED] - verifyMatch: Unable to verify match between actual text 'Developer' and expected text 'System Architect' (Root cause: Actual text 'Developer' and expected text 'System Architect' are not matched)

2018-11-22 14:37:45 - [MESSAGE][FAILED] - Unable to verify match between actual text 'Developer' and expected text 'System Architect' (Root cause: Actual text 'Developer' and expected text 'System Architect' are not matched)

2018-11-22 14:37:45 - [TEST_STEP][PASSED] - Statement - cell_text = column_table.get(column).getText(): null

2018-11-22 14:37:45 - [TEST_STEP][PASSED] - Statement - println("Cell value of row : " + row + " and cell " + column + " is " + cell_text): null

2018-11-22 14:37:45 - [TEST_STEP][PASSED] - verifyMatch: Actual text 'Edinburgh' and expected text 'Edinburgh' are matched 

2018-11-22 14:37:46 - [MESSAGE][PASSED] - Actual text 'Edinburgh' and expected text 'Edinburgh' are matched 

2018-11-22 14:37:46 - [TEST_STEP][PASSED] - Statement - cell_text = column_table.get(column).getText(): null

2018-11-22 14:37:46 - [TEST_STEP][PASSED] - Statement - println("Cell value of row : " + row + " and cell " + column + " is " + cell_text): null

2018-11-22 14:37:46 - [TEST_STEP][FAILED] - verifyMatch: Unable to verify match between actual text '42' and expected text '61' (Root cause: Actual text '42' and expected text '61' are not matched)

2018-11-22 14:37:46 - [MESSAGE][FAILED] - Unable to verify match between actual text '42' and expected text '61' (Root cause: Actual text '42' and expected text '61' are not matched)

2018-11-22 14:37:46 - [TEST_STEP][PASSED] - Statement - cell_text = column_table.get(column).getText(): null

2018-11-22 14:37:46 - [TEST_STEP][PASSED] - Statement - println("Cell value of row : " + row + " and cell " + column + " is " + cell_text): null

2018-11-22 14:37:46 - [TEST_STEP][FAILED] - verifyMatch: Unable to verify match between actual text '2010/12/22' and expected text '2011/04/25' (Root cause: Actual text '2010/12/22' and expected text '2011/04/25' are not matched)

2018-11-22 14:37:47 - [MESSAGE][FAILED] - Unable to verify match between actual text '2010/12/22' and expected text '2011/04/25' (Root cause: Actual text '2010/12/22' and expected text '2011/04/25' are not matched)

2018-11-22 14:37:47 - [TEST_STEP][PASSED] - Statement - cell_text = column_table.get(column).getText(): null

2018-11-22 14:37:47 - [TEST_STEP][PASSED] - Statement - println("Cell value of row : " + row + " and cell " + column + " is " + cell_text): null

2018-11-22 14:37:47 - [TEST_STEP][FAILED] - verifyMatch: Unable to verify match between actual text '$92,575' and expected text '$320,800' (Root cause: Actual text '$92,575' and expected text '$320,800' are not matched)

2018-11-22 14:37:47 - [MESSAGE][FAILED] - Unable to verify match between actual text '$92,575' and expected text '$320,800' (Root cause: Actual text '$92,575' and expected text '$320,800' are not matched)

2018-11-22 14:37:47 - [TEST_STEP][PASSED] - Statement - (row_data_table++): null

2018-11-22 14:37:47 - [TEST_STEP][PASSED] - Statement - println((row_data_table++)): null

2018-11-22 14:37:47 - [TEST_STEP][PASSED] - Statement - column_table = row_table.get(row).findElements(org.openqa.selenium.By.tagName("td")): null

2018-11-22 14:37:49 - [TEST_STEP][PASSED] - Statement - column_count = column_table.size(): null

2018-11-22 14:37:49 - [TEST_STEP][PASSED] - Statement - println("No of cell in rows : " + row + " are " + column_count): null

2018-11-22 14:37:49 - [TEST_STEP][PASSED] - Statement - For ([column = 0, column < column_count, (column++)]): Reading database data with query 'SELECT Name,Position,Office,Age,convert(varchar, StartDate, 111)as StartDate,'$' + replace(CONVERT(VARCHAR(100),CAST(Salary AS MONEY),1), '.00','') from Data_Table'

2018-11-22 14:37:49 - [TEST_STEP][PASSED] - Statement - cell_text = column_table.get(column).getText(): null

2018-11-22 14:37:50 - [TEST_STEP][PASSED] - Statement - println("Cell value of row : " + row + " and cell " + column + " is " + cell_text): null

2018-11-22 14:37:50 - [TEST_STEP][PASSED] - verifyMatch: Reading database data with query 'SELECT Name,Position,Office,Age,convert(varchar, StartDate, 111)as StartDate,'$' + replace(CONVERT(VARCHAR(100),CAST(Salary AS MONEY),1), '.00','') from Data_Table'

2018-11-22 14:37:52 - [TEST_STEP][PASSED] - Statement - Catch (Exception e): null

2018-11-22 14:37:52 - [TEST_STEP][PASSED] - Statement - Throw e.getMessage(): null]]></system-out>
         <system-err><![CDATA[2018-11-22 14:36:53 - [TEST_CASE][FAILED] - Test Cases/Demo/DataTable: Test Cases/Demo/DataTable FAILED because (of) (Stack trace: com.kms.katalon.core.exception.StepFailedException: Unable to verify match between actual text 'Airi Satou' and expected text 'Angelica Ramos' (Root cause: Actual text 'Airi Satou' and expected text 'Angelica Ramos' are not matched)
	at com.kms.katalon.core.keyword.internal.KeywordMain.stepFailed(KeywordMain.groovy:32)
	at com.kms.katalon.core.keyword.internal.KeywordMain.stepFailed(KeywordMain.groovy)
	at com.kms.katalon.core.keyword.internal.KeywordMain.runKeyword(KeywordMain.groovy:56)
	at com.kms.katalon.core.keyword.builtin.VerifyMatchKeyword.verifyMatch(VerifyMatchKeyword.groovy:61)
	at com.kms.katalon.core.keyword.builtin.VerifyMatchKeyword.execute(VerifyMatchKeyword.groovy:46)
	at com.kms.katalon.core.keyword.internal.KeywordExecutor.executeKeywordForPlatform(KeywordExecutor.groovy:53)
	at com.kms.katalon.core.keyword.BuiltinKeywords.verifyMatch(BuiltinKeywords.groovy:55)
	at sun.reflect.NativeMethodAccessorImpl.invoke0(Native Method)
	at sun.reflect.NativeMethodAccessorImpl.invoke(NativeMethodAccessorImpl.java:62)
	at sun.reflect.DelegatingMethodAccessorImpl.invoke(DelegatingMethodAccessorImpl.java:43)
	at java.lang.reflect.Method.invoke(Method.java:498)
	at org.codehaus.groovy.reflection.CachedMethod.invoke(CachedMethod.java:93)
	at groovy.lang.MetaMethod.doMethodInvoke(MetaMethod.java:325)
	at groovy.lang.MetaClassImpl.invokeStaticMethod(MetaClassImpl.java:1469)
	at org.codehaus.groovy.runtime.callsite.StaticMetaClassSite.call(StaticMetaClassSite.java:53)
	at org.codehaus.groovy.runtime.callsite.CallSiteArray.defaultCall(CallSiteArray.java:48)
	at org.codehaus.groovy.runtime.callsite.AbstractCallSite.call(AbstractCallSite.java:113)
	at org.codehaus.groovy.runtime.callsite.AbstractCallSite.call(AbstractCallSite.java:149)
	at Script1542702721131.run(Script1542702721131.groovy:51)
	at com.kms.katalon.core.main.ScriptEngine.run(ScriptEngine.java:183)
	at com.kms.katalon.core.main.ScriptEngine.runScriptAsRawText(ScriptEngine.java:108)
	at com.kms.katalon.core.main.TestCaseExecutor.runScript(TestCaseExecutor.java:294)
	at com.kms.katalon.core.main.TestCaseExecutor.doExecute(TestCaseExecutor.java:285)
	at com.kms.katalon.core.main.TestCaseExecutor.processExecutionPhase(TestCaseExecutor.java:264)
	at com.kms.katalon.core.main.TestCaseExecutor.accessMainPhase(TestCaseExecutor.java:256)
	at com.kms.katalon.core.main.TestCaseExecutor.execute(TestCaseExecutor.java:200)
	at com.kms.katalon.core.main.TestSuiteExecutor.accessTestCaseMainPhase(TestSuiteExecutor.java:129)
	at com.kms.katalon.core.main.TestSuiteExecutor.accessTestSuiteMainPhase(TestSuiteExecutor.java:112)
	at com.kms.katalon.core.main.TestSuiteExecutor.execute(TestSuiteExecutor.java:81)
	at com.kms.katalon.core.main.TestCaseMain.startTestSuite(TestCaseMain.java:142)
	at com.kms.katalon.core.main.TestCaseMain$startTestSuite$0.call(Unknown Source)
	at org.codehaus.groovy.runtime.callsite.CallSiteArray.defaultCall(CallSiteArray.java:48)
	at org.codehaus.groovy.runtime.callsite.AbstractCallSite.call(AbstractCallSite.java:113)
	at org.codehaus.groovy.runtime.callsite.AbstractCallSite.call(AbstractCallSite.java:141)
	at TempTestSuite1542872206542.run(TempTestSuite1542872206542.groovy:36)
	at groovy.lang.GroovyShell.runScriptOrMainOrTestOrRunnable(GroovyShell.java:263)
	at groovy.lang.GroovyShell.run(GroovyShell.java:518)
	at groovy.lang.GroovyShell.run(GroovyShell.java:507)
	at groovy.ui.GroovyMain.processOnce(GroovyMain.java:653)
	at groovy.ui.GroovyMain.run(GroovyMain.java:384)
	at groovy.ui.GroovyMain.process(GroovyMain.java:370)
	at groovy.ui.GroovyMain.processArgs(GroovyMain.java:129)
	at groovy.ui.GroovyMain.main(GroovyMain.java:109)
	at sun.reflect.NativeMethodAccessorImpl.invoke0(Native Method)
	at sun.reflect.NativeMethodAccessorImpl.invoke(NativeMethodAccessorImpl.java:62)
	at sun.reflect.DelegatingMethodAccessorImpl.invoke(DelegatingMethodAccessorImpl.java:43)
	at java.lang.reflect.Method.invoke(Method.java:498)
	at org.codehaus.groovy.tools.GroovyStarter.rootLoader(GroovyStarter.java:109)
	at org.codehaus.groovy.tools.GroovyStarter.main(GroovyStarter.java:131)
)]]></system-err>
      </testcase>
      <system-out><![CDATA[2018-11-22 14:36:51 - [TEST_SUITE][FAILED] - Demo: Test Cases/Demo/DataTable FAILED because (of) (Stack trace: com.kms.katalon.core.exception.StepFailedException: Unable to verify match between actual text 'Airi Satou' and expected text 'Angelica Ramos' (Root cause: Actual text 'Airi Satou' and expected text 'Angelica Ramos' are not matched)
	at com.kms.katalon.core.keyword.internal.KeywordMain.stepFailed(KeywordMain.groovy:32)
	at com.kms.katalon.core.keyword.internal.KeywordMain.stepFailed(KeywordMain.groovy)
	at com.kms.katalon.core.keyword.internal.KeywordMain.runKeyword(KeywordMain.groovy:56)
	at com.kms.katalon.core.keyword.builtin.VerifyMatchKeyword.verifyMatch(VerifyMatchKeyword.groovy:61)
	at com.kms.katalon.core.keyword.builtin.VerifyMatchKeyword.execute(VerifyMatchKeyword.groovy:46)
	at com.kms.katalon.core.keyword.internal.KeywordExecutor.executeKeywordForPlatform(KeywordExecutor.groovy:53)
	at com.kms.katalon.core.keyword.BuiltinKeywords.verifyMatch(BuiltinKeywords.groovy:55)
	at sun.reflect.NativeMethodAccessorImpl.invoke0(Native Method)
	at sun.reflect.NativeMethodAccessorImpl.invoke(NativeMethodAccessorImpl.java:62)
	at sun.reflect.DelegatingMethodAccessorImpl.invoke(DelegatingMethodAccessorImpl.java:43)
	at java.lang.reflect.Method.invoke(Method.java:498)
	at org.codehaus.groovy.reflection.CachedMethod.invoke(CachedMethod.java:93)
	at groovy.lang.MetaMethod.doMethodInvoke(MetaMethod.java:325)
	at groovy.lang.MetaClassImpl.invokeStaticMethod(MetaClassImpl.java:1469)
	at org.codehaus.groovy.runtime.callsite.StaticMetaClassSite.call(StaticMetaClassSite.java:53)
	at org.codehaus.groovy.runtime.callsite.CallSiteArray.defaultCall(CallSiteArray.java:48)
	at org.codehaus.groovy.runtime.callsite.AbstractCallSite.call(AbstractCallSite.java:113)
	at org.codehaus.groovy.runtime.callsite.AbstractCallSite.call(AbstractCallSite.java:149)
	at Script1542702721131.run(Script1542702721131.groovy:51)
	at com.kms.katalon.core.main.ScriptEngine.run(ScriptEngine.java:183)
	at com.kms.katalon.core.main.ScriptEngine.runScriptAsRawText(ScriptEngine.java:108)
	at com.kms.katalon.core.main.TestCaseExecutor.runScript(TestCaseExecutor.java:294)
	at com.kms.katalon.core.main.TestCaseExecutor.doExecute(TestCaseExecutor.java:285)
	at com.kms.katalon.core.main.TestCaseExecutor.processExecutionPhase(TestCaseExecutor.java:264)
	at com.kms.katalon.core.main.TestCaseExecutor.accessMainPhase(TestCaseExecutor.java:256)
	at com.kms.katalon.core.main.TestCaseExecutor.execute(TestCaseExecutor.java:200)
	at com.kms.katalon.core.main.TestSuiteExecutor.accessTestCaseMainPhase(TestSuiteExecutor.java:129)
	at com.kms.katalon.core.main.TestSuiteExecutor.accessTestSuiteMainPhase(TestSuiteExecutor.java:112)
	at com.kms.katalon.core.main.TestSuiteExecutor.execute(TestSuiteExecutor.java:81)
	at com.kms.katalon.core.main.TestCaseMain.startTestSuite(TestCaseMain.java:142)
	at com.kms.katalon.core.main.TestCaseMain$startTestSuite$0.call(Unknown Source)
	at org.codehaus.groovy.runtime.callsite.CallSiteArray.defaultCall(CallSiteArray.java:48)
	at org.codehaus.groovy.runtime.callsite.AbstractCallSite.call(AbstractCallSite.java:113)
	at org.codehaus.groovy.runtime.callsite.AbstractCallSite.call(AbstractCallSite.java:141)
	at TempTestSuite1542872206542.run(TempTestSuite1542872206542.groovy:36)
	at groovy.lang.GroovyShell.runScriptOrMainOrTestOrRunnable(GroovyShell.java:263)
	at groovy.lang.GroovyShell.run(GroovyShell.java:518)
	at groovy.lang.GroovyShell.run(GroovyShell.java:507)
	at groovy.ui.GroovyMain.processOnce(GroovyMain.java:653)
	at groovy.ui.GroovyMain.run(GroovyMain.java:384)
	at groovy.ui.GroovyMain.process(GroovyMain.java:370)
	at groovy.ui.GroovyMain.processArgs(GroovyMain.java:129)
	at groovy.ui.GroovyMain.main(GroovyMain.java:109)
	at sun.reflect.NativeMethodAccessorImpl.invoke0(Native Method)
	at sun.reflect.NativeMethodAccessorImpl.invoke(NativeMethodAccessorImpl.java:62)
	at sun.reflect.DelegatingMethodAccessorImpl.invoke(DelegatingMethodAccessorImpl.java:43)
	at java.lang.reflect.Method.invoke(Method.java:498)
	at org.codehaus.groovy.tools.GroovyStarter.rootLoader(GroovyStarter.java:109)
	at org.codehaus.groovy.tools.GroovyStarter.main(GroovyStarter.java:131)
)]]></system-out>
      <system-err><![CDATA[2018-11-22 14:36:51 - [TEST_SUITE][FAILED] - Demo: Test Cases/Demo/DataTable FAILED because (of) (Stack trace: com.kms.katalon.core.exception.StepFailedException: Unable to verify match between actual text 'Airi Satou' and expected text 'Angelica Ramos' (Root cause: Actual text 'Airi Satou' and expected text 'Angelica Ramos' are not matched)
	at com.kms.katalon.core.keyword.internal.KeywordMain.stepFailed(KeywordMain.groovy:32)
	at com.kms.katalon.core.keyword.internal.KeywordMain.stepFailed(KeywordMain.groovy)
	at com.kms.katalon.core.keyword.internal.KeywordMain.runKeyword(KeywordMain.groovy:56)
	at com.kms.katalon.core.keyword.builtin.VerifyMatchKeyword.verifyMatch(VerifyMatchKeyword.groovy:61)
	at com.kms.katalon.core.keyword.builtin.VerifyMatchKeyword.execute(VerifyMatchKeyword.groovy:46)
	at com.kms.katalon.core.keyword.internal.KeywordExecutor.executeKeywordForPlatform(KeywordExecutor.groovy:53)
	at com.kms.katalon.core.keyword.BuiltinKeywords.verifyMatch(BuiltinKeywords.groovy:55)
	at sun.reflect.NativeMethodAccessorImpl.invoke0(Native Method)
	at sun.reflect.NativeMethodAccessorImpl.invoke(NativeMethodAccessorImpl.java:62)
	at sun.reflect.DelegatingMethodAccessorImpl.invoke(DelegatingMethodAccessorImpl.java:43)
	at java.lang.reflect.Method.invoke(Method.java:498)
	at org.codehaus.groovy.reflection.CachedMethod.invoke(CachedMethod.java:93)
	at groovy.lang.MetaMethod.doMethodInvoke(MetaMethod.java:325)
	at groovy.lang.MetaClassImpl.invokeStaticMethod(MetaClassImpl.java:1469)
	at org.codehaus.groovy.runtime.callsite.StaticMetaClassSite.call(StaticMetaClassSite.java:53)
	at org.codehaus.groovy.runtime.callsite.CallSiteArray.defaultCall(CallSiteArray.java:48)
	at org.codehaus.groovy.runtime.callsite.AbstractCallSite.call(AbstractCallSite.java:113)
	at org.codehaus.groovy.runtime.callsite.AbstractCallSite.call(AbstractCallSite.java:149)
	at Script1542702721131.run(Script1542702721131.groovy:51)
	at com.kms.katalon.core.main.ScriptEngine.run(ScriptEngine.java:183)
	at com.kms.katalon.core.main.ScriptEngine.runScriptAsRawText(ScriptEngine.java:108)
	at com.kms.katalon.core.main.TestCaseExecutor.runScript(TestCaseExecutor.java:294)
	at com.kms.katalon.core.main.TestCaseExecutor.doExecute(TestCaseExecutor.java:285)
	at com.kms.katalon.core.main.TestCaseExecutor.processExecutionPhase(TestCaseExecutor.java:264)
	at com.kms.katalon.core.main.TestCaseExecutor.accessMainPhase(TestCaseExecutor.java:256)
	at com.kms.katalon.core.main.TestCaseExecutor.execute(TestCaseExecutor.java:200)
	at com.kms.katalon.core.main.TestSuiteExecutor.accessTestCaseMainPhase(TestSuiteExecutor.java:129)
	at com.kms.katalon.core.main.TestSuiteExecutor.accessTestSuiteMainPhase(TestSuiteExecutor.java:112)
	at com.kms.katalon.core.main.TestSuiteExecutor.execute(TestSuiteExecutor.java:81)
	at com.kms.katalon.core.main.TestCaseMain.startTestSuite(TestCaseMain.java:142)
	at com.kms.katalon.core.main.TestCaseMain$startTestSuite$0.call(Unknown Source)
	at org.codehaus.groovy.runtime.callsite.CallSiteArray.defaultCall(CallSiteArray.java:48)
	at org.codehaus.groovy.runtime.callsite.AbstractCallSite.call(AbstractCallSite.java:113)
	at org.codehaus.groovy.runtime.callsite.AbstractCallSite.call(AbstractCallSite.java:141)
	at TempTestSuite1542872206542.run(TempTestSuite1542872206542.groovy:36)
	at groovy.lang.GroovyShell.runScriptOrMainOrTestOrRunnable(GroovyShell.java:263)
	at groovy.lang.GroovyShell.run(GroovyShell.java:518)
	at groovy.lang.GroovyShell.run(GroovyShell.java:507)
	at groovy.ui.GroovyMain.processOnce(GroovyMain.java:653)
	at groovy.ui.GroovyMain.run(GroovyMain.java:384)
	at groovy.ui.GroovyMain.process(GroovyMain.java:370)
	at groovy.ui.GroovyMain.processArgs(GroovyMain.java:129)
	at groovy.ui.GroovyMain.main(GroovyMain.java:109)
	at sun.reflect.NativeMethodAccessorImpl.invoke0(Native Method)
	at sun.reflect.NativeMethodAccessorImpl.invoke(NativeMethodAccessorImpl.java:62)
	at sun.reflect.DelegatingMethodAccessorImpl.invoke(DelegatingMethodAccessorImpl.java:43)
	at java.lang.reflect.Method.invoke(Method.java:498)
	at org.codehaus.groovy.tools.GroovyStarter.rootLoader(GroovyStarter.java:109)
	at org.codehaus.groovy.tools.GroovyStarter.main(GroovyStarter.java:131)
)]]></system-err>
   </testsuite>
</testsuites>
